<?xml version="1.0" encoding="UTF-8"?>
<robot generator="Robot 2.8.6 (Jython 2.5.3 on java1.8.0_45)" generated="20150811 12:36:50.507">
<suite source="E:\Robot Automation scripts\AZURE-Test\TestAZURE" name="TestAZURE" id="s1">
<suite source="E:\Robot Automation scripts\AZURE-Test\TestAZURE\PCK.AUTOMIC_AZURE" name="PCK.AUTOMIC AZURE" id="s1-s1">
<suite source="E:\Robot Automation scripts\AZURE-Test\TestAZURE\PCK.AUTOMIC_AZURE\TestCases" name="TestCases" id="s1-s1-s1">
<suite source="E:\Robot Automation scripts\AZURE-Test\TestAZURE\PCK.AUTOMIC_AZURE\TestCases\Configure_Connection" name="Configure Connection" id="s1-s1-s1-s1">
<suite source="E:\Robot Automation scripts\AZURE-Test\TestAZURE\PCK.AUTOMIC_AZURE\TestCases\Configure_Connection\Configure_Connection.txt" name="Configure Connection" id="s1-s1-s1-s1-s1">
<kw type="setup" name="Startup">
<doc></doc>
<arguments>
</arguments>
<msg level="TRACE" timestamp="20150811 12:36:51.770">Arguments: [  ]</msg>
<kw type="kw" name="BuiltIn.Log">
<doc>Logs the given message with the given level.</doc>
<arguments>
<arg>*******Start Test "Configure Connection"*******</arg>
</arguments>
<msg level="TRACE" timestamp="20150811 12:36:51.786">Arguments: [ u'*******Start Test "Configure Connection"*******' ]</msg>
<msg level="INFO" timestamp="20150811 12:36:51.786">*******Start Test "Configure Connection"*******</msg>
<msg level="TRACE" timestamp="20150811 12:36:51.786">Return: None</msg>
<status endtime="20150811 12:36:51.786" starttime="20150811 12:36:51.786" status="PASS"></status>
</kw>
<kw type="kw" name="BuiltIn.Log">
<doc>Logs the given message with the given level.</doc>
<arguments>
<arg>*******Connect to AE*******</arg>
</arguments>
<msg level="TRACE" timestamp="20150811 12:36:51.786">Arguments: [ u'*******Connect to AE*******' ]</msg>
<msg level="INFO" timestamp="20150811 12:36:51.801">*******Connect to AE*******</msg>
<msg level="TRACE" timestamp="20150811 12:36:51.801">Return: None</msg>
<status endtime="20150811 12:36:51.801" starttime="20150811 12:36:51.786" status="PASS"></status>
</kw>
<kw type="kw" name="keywords.Connect AE">
<doc></doc>
<arguments>
</arguments>
<msg level="TRACE" timestamp="20150811 12:36:51.801">Arguments: [  ]</msg>
<kw type="kw" name="com.automic.robot.itpa.ItpaLibrary.Action Connect">
<doc></doc>
<arguments>
<arg>${_AE_HOST}</arg>
<arg>${_AE_PORT}</arg>
<arg>${_AE_USER}</arg>
<arg>${_AE_PASS}</arg>
<arg>${_AE_TEMP_FOLD}</arg>
</arguments>
<msg level="TRACE" timestamp="20150811 12:36:51.817">Arguments: [ u'localhost' | u'2217' | u'3/USER/TEST_01' | u'test' | u'TEST_AZURE_PCK' ]</msg>
<msg level="INFO" timestamp="20150811 12:36:51.817">Connect to AE, host = localhost, user = 3/USER/TEST_01</msg>
<msg level="INFO" timestamp="20150811 12:36:51.833">SLF4J: Failed to load class "org.slf4j.impl.StaticLoggerBinder".
SLF4J: Defaulting to no-operation (NOP) logger implementation
SLF4J: See http://www.slf4j.org/codes.html#StaticLoggerBinder for further details.</msg>
<msg level="TRACE" timestamp="20150811 12:36:51.833">Return: None</msg>
<status endtime="20150811 12:36:51.833" starttime="20150811 12:36:51.801" status="PASS"></status>
</kw>
<msg level="TRACE" timestamp="20150811 12:36:51.848">Return: None</msg>
<status endtime="20150811 12:36:51.848" starttime="20150811 12:36:51.801" status="PASS"></status>
</kw>
<msg level="TRACE" timestamp="20150811 12:36:51.848">Return: None</msg>
<status endtime="20150811 12:36:51.848" starttime="20150811 12:36:51.770" status="PASS"></status>
</kw>
<test name="Successfull Azure Connection" id="s1-s1-s1-s1-s1-t1">
<kw type="kw" name="Configure Connection Template">
<doc>This teste validates connection between AE and Azure with a precondition for successful scenario that certificate corresponding to jks file should be uploaded to Azure portal.</doc>
<arguments>
<arg>OK</arg>
<arg>${Subscription_ID}</arg>
<arg>${Cert_Path}</arg>
<arg>${Cert_Password}</arg>
</arguments>
<msg level="TRACE" timestamp="20150811 12:36:51.879">Arguments: [ ${OK_NOK}=u'OK' | ${Subscription_ID}=u'39f62c91-1d8a-4ada-8fa7-eeca3d8b7a92' | ${Certificate_Path}=u'E:\\Robot Automation scripts\\AZURE-Test\\TestAzure\\azure.jks' | ${Certificate_Password}=u'test123' ]</msg>
<kw type="kw" name="com.automic.robot.itpa.ItpaLibrary.Action Create">
<doc></doc>
<arguments>
<arg>${_CONFIGURE_CONNECTION_ACTION}</arg>
</arguments>
<msg level="TRACE" timestamp="20150811 12:36:51.879">Arguments: [ u'PCK.AUTOMIC_AZURE.PUB.ACTION.GET_SUBSCRIPTION_INFO' ]</msg>
<msg level="INFO" timestamp="20150811 12:36:51.879">Create action PCK.AUTOMIC_AZURE.PUB.ACTION.GET_SUBSCRIPTION_INFO</msg>
<msg level="TRACE" timestamp="20150811 12:36:51.879">Return: None</msg>
<status endtime="20150811 12:36:51.879" starttime="20150811 12:36:51.879" status="PASS"></status>
</kw>
<kw type="kw" name="keywords.Configure Connection">
<doc></doc>
<arguments>
<arg>${Subscription_ID}</arg>
<arg>${Certificate_Path}</arg>
<arg>${Certificate_Password}</arg>
</arguments>
<msg level="TRACE" timestamp="20150811 12:36:51.895">Arguments: [ ${Subscription_ID}=u'39f62c91-1d8a-4ada-8fa7-eeca3d8b7a92' | ${Cert_Location}=u'E:\\Robot Automation scripts\\AZURE-Test\\TestAzure\\azure.jks' | ${Cert_Password}=u'test123' ]</msg>
<kw type="kw" name="com.automic.robot.itpa.ItpaLibrary.Action Set">
<doc></doc>
<arguments>
<arg>&amp;UC4RB_AZR_SUBSCRIPTION_ID#</arg>
<arg>${Subscription_ID}</arg>
</arguments>
<msg level="TRACE" timestamp="20150811 12:36:51.895">Arguments: [ u'&amp;UC4RB_AZR_SUBSCRIPTION_ID#' | u'39f62c91-1d8a-4ada-8fa7-eeca3d8b7a92' ]</msg>
<msg level="INFO" timestamp="20150811 12:36:51.895">Set prompt set: &amp;UC4RB_AZR_SUBSCRIPTION_ID# = 39f62c91-1d8a-4ada-8fa7-eeca3d8b7a92</msg>
<msg level="TRACE" timestamp="20150811 12:36:51.895">Return: None</msg>
<status endtime="20150811 12:36:51.895" starttime="20150811 12:36:51.895" status="PASS"></status>
</kw>
<kw type="kw" name="com.automic.robot.itpa.ItpaLibrary.Action Set">
<doc></doc>
<arguments>
<arg>&amp;UC4RB_AZR_CERT_PATH#</arg>
<arg>${Cert_Location}</arg>
</arguments>
<msg level="TRACE" timestamp="20150811 12:36:51.911">Arguments: [ u'&amp;UC4RB_AZR_CERT_PATH#' | u'E:\\Robot Automation scripts\\AZURE-Test\\TestAzure\\azure.jks' ]</msg>
<msg level="INFO" timestamp="20150811 12:36:51.926">Set prompt set: &amp;UC4RB_AZR_CERT_PATH# = E:\Robot Automation scripts\AZURE-Test\TestAzure\azure.jks</msg>
<msg level="TRACE" timestamp="20150811 12:36:51.926">Return: None</msg>
<status endtime="20150811 12:36:51.926" starttime="20150811 12:36:51.911" status="PASS"></status>
</kw>
<kw type="kw" name="com.automic.robot.itpa.ItpaLibrary.Action Set">
<doc></doc>
<arguments>
<arg>&amp;UC4RB_AZR_CERT_PSWD#</arg>
<arg>${Cert_Password}</arg>
</arguments>
<msg level="TRACE" timestamp="20150811 12:36:51.926">Arguments: [ u'&amp;UC4RB_AZR_CERT_PSWD#' | u'test123' ]</msg>
<msg level="INFO" timestamp="20150811 12:36:51.926">Set prompt set: &amp;UC4RB_AZR_CERT_PSWD# = test123</msg>
<msg level="TRACE" timestamp="20150811 12:36:51.926">Return: None</msg>
<status endtime="20150811 12:36:51.926" starttime="20150811 12:36:51.926" status="PASS"></status>
</kw>
<msg level="TRACE" timestamp="20150811 12:36:51.942">Return: None</msg>
<status endtime="20150811 12:36:51.942" starttime="20150811 12:36:51.895" status="PASS"></status>
</kw>
<kw type="kw" name="keywords.Set Overwrite Agent">
<doc></doc>
<arguments>
</arguments>
<msg level="TRACE" timestamp="20150811 12:36:51.942">Arguments: [  ]</msg>
<kw type="kw" name="BuiltIn.Run Keyword If">
<doc>Runs the given keyword with the given arguments, if `condition` is true.</doc>
<arguments>
<arg>'${ENV}' == 'WIN'</arg>
<arg>Set Overwrite Agent WIN</arg>
</arguments>
<msg level="TRACE" timestamp="20150811 12:36:51.942">Arguments: [ u"'WIN' == 'WIN'" | u'Set Overwrite Agent WIN' ]</msg>
<kw type="kw" name="keywords.Set Overwrite Agent WIN">
<doc></doc>
<arguments>
</arguments>
<msg level="TRACE" timestamp="20150811 12:36:51.957">Arguments: [  ]</msg>
<kw type="kw" name="com.automic.robot.itpa.ItpaLibrary.Action Set">
<doc></doc>
<arguments>
<arg>&amp;AGENT#</arg>
<arg>${_PROMPTSET_AGENT_WIN}</arg>
</arguments>
<msg level="TRACE" timestamp="20150811 12:36:51.957">Arguments: [ u'&amp;AGENT#' | u'Ankit3593' ]</msg>
<msg level="INFO" timestamp="20150811 12:36:51.957">Set prompt set: &amp;AGENT# = Ankit3593</msg>
<msg level="TRACE" timestamp="20150811 12:36:51.957">Return: None</msg>
<status endtime="20150811 12:36:51.957" starttime="20150811 12:36:51.957" status="PASS"></status>
</kw>
<kw type="kw" name="com.automic.robot.itpa.ItpaLibrary.Action Set">
<doc></doc>
<arguments>
<arg>&amp;LOGIN#</arg>
<arg>${_PROMPTSET_LOGIN_WIN}</arg>
</arguments>
<msg level="TRACE" timestamp="20150811 12:36:51.973">Arguments: [ u'&amp;LOGIN#' | u'LOGIN.NEW.1' ]</msg>
<msg level="INFO" timestamp="20150811 12:36:51.973">Set prompt set: &amp;LOGIN# = LOGIN.NEW.1</msg>
<msg level="TRACE" timestamp="20150811 12:36:51.973">Return: None</msg>
<status endtime="20150811 12:36:51.973" starttime="20150811 12:36:51.957" status="PASS"></status>
</kw>
<msg level="TRACE" timestamp="20150811 12:36:51.973">Return: None</msg>
<status endtime="20150811 12:36:51.973" starttime="20150811 12:36:51.942" status="PASS"></status>
</kw>
<msg level="TRACE" timestamp="20150811 12:36:51.973">Return: None</msg>
<status endtime="20150811 12:36:51.973" starttime="20150811 12:36:51.942" status="PASS"></status>
</kw>
<kw type="kw" name="BuiltIn.Run Keyword If">
<doc>Runs the given keyword with the given arguments, if `condition` is true.</doc>
<arguments>
<arg>'${ENV}' == 'UNIX'</arg>
<arg>Set Overwrite Agent UNIX</arg>
</arguments>
<msg level="TRACE" timestamp="20150811 12:36:51.989">Arguments: [ u"'WIN' == 'UNIX'" | u'Set Overwrite Agent UNIX' ]</msg>
<msg level="TRACE" timestamp="20150811 12:36:51.989">Return: None</msg>
<status endtime="20150811 12:36:51.989" starttime="20150811 12:36:51.973" status="PASS"></status>
</kw>
<kw type="kw" name="BuiltIn.Run Keyword If">
<doc>Runs the given keyword with the given arguments, if `condition` is true.</doc>
<arguments>
<arg>'${ENV}' == 'QTP'</arg>
<arg>Set Overwrite Agent QTP</arg>
</arguments>
<msg level="TRACE" timestamp="20150811 12:36:51.989">Arguments: [ u"'WIN' == 'QTP'" | u'Set Overwrite Agent QTP' ]</msg>
<msg level="TRACE" timestamp="20150811 12:36:51.989">Return: None</msg>
<status endtime="20150811 12:36:51.989" starttime="20150811 12:36:51.989" status="PASS"></status>
</kw>
<msg level="TRACE" timestamp="20150811 12:36:51.989">Return: None</msg>
<status endtime="20150811 12:36:51.989" starttime="20150811 12:36:51.942" status="PASS"></status>
</kw>
<kw type="kw" name="com.automic.robot.itpa.ItpaLibrary.Action Execute">
<doc></doc>
<arguments>
</arguments>
<msg level="TRACE" timestamp="20150811 12:36:52.004">Arguments: [  ]</msg>
<msg level="INFO" timestamp="20150811 12:36:52.004">Execute action PCK.AUTOMIC_AZURE.PUB.ACTION.GET_SUBSCRIPTION_INFO14392768118792773953268715767898</msg>
<msg level="DEBUG" timestamp="20150811 12:36:52.004">Create wrapper workflow which include testing action...</msg>
<msg level="DEBUG" timestamp="20150811 12:36:52.644">Assign all required parameters...</msg>
<msg level="DEBUG" timestamp="20150811 12:36:52.878">Execute workflow...</msg>
<msg level="INFO" timestamp="20150811 12:36:52.956">Waiting for workflow running, runId = 1011167, timeout = 300</msg>
<msg level="DEBUG" timestamp="20150811 12:36:58.164">... 1 waiting, 0 ended, 0 running backup, 0 rollback, 0</msg>
<msg level="DEBUG" timestamp="20150811 12:37:03.249">... 0 waiting, 0 ended, 1 running backup, 0 rollback, 0</msg>
<msg level="INFO" timestamp="20150811 12:37:03.298">Deactivate task, runId = 1011167</msg>
<msg level="DEBUG" timestamp="20150811 12:37:03.314">RunId = 1011167</msg>
<msg level="DEBUG" timestamp="20150811 12:37:03.314">Execute done</msg>
<msg level="INFO" timestamp="20150811 12:37:04.328">Export results of 1011167...</msg>
<msg level="DEBUG" timestamp="20150811 12:37:04.500">Report = 20150811/123653.268 - U02001096 Job '1011169' uses client-wide resource '3:PCK.AUTOMIC_AZURE.PRV.STORE/AZURE' - 'C:\Automic\UC4\Agents\windows\ankit3593\Resources\0003\azure-tool.jar'.

c:\&gt;C:\Automic\UC4\Agents\windows\ankit3593\bin\UCXJWX6m.exe JNR=0001011169 MNR=0003 PNR=2300 IPA=10.175.172.204 TYP=S TXT="        Job started" 
Program 'UC4 Job Messenger' version '11.1.0+build.890' started
UCMDJP: *********************************************************************
UCMDJP: ** JOB 0001011169 (ProcID:0000006612) START AT 11.08.2015/12:36:53 **
UCMDJP: **                                    UTC TIME 11.08.2015/07:06:53 **
UCMDJP: *********************************************************************
Connected with agent 'ANKIT3593'
Program 'UC4 Job Messenger' version '11.1.0+build.890' terminated normally
""
""
"********************************"
"** PARAMETER VALIDATION START **"
"********************************"
""
"PARAM: Subscription ID = 39f62c91-1d8a-4ada-8fa7-eeca3d8b7a92"
"PARAM: Certificate location = E:\Robot Automation scripts\AZURE-Test\TestAzure\azure.jks"
"PARAM: Certificate Password = test123"
""
""
"********************************"
"**      EXECUTION START       **"
"********************************"
""
&lt;?xml version="1.0" encoding="UTF-8"?&gt;&lt;Subscription xmlns="http://schemas.microsoft.com/windowsazure" xmlns:i="http://www.w3.org/2001/XMLSchema-instance"&gt;
  &lt;SubscriptionID&gt;39f62c91-1d8a-4ada-8fa7-eeca3d8b7a92&lt;/SubscriptionID&gt;
  &lt;SubscriptionName&gt;Microsoft Partner Network&lt;/SubscriptionName&gt;
  &lt;SubscriptionStatus&gt;Active&lt;/SubscriptionStatus&gt;
  &lt;AccountAdminLiveEmailId&gt;florian.krebs@uc4.com&lt;/AccountAdminLiveEmailId&gt;
  &lt;ServiceAdminLiveEmailId&gt;florian.krebs@uc4.com&lt;/ServiceAdminLiveEmailId&gt;
  &lt;MaxCoreCount&gt;20&lt;/MaxCoreCount&gt;
  &lt;MaxStorageAccounts&gt;100&lt;/MaxStorageAccounts&gt;
  &lt;MaxHostedServices&gt;20&lt;/MaxHostedServices&gt;
  &lt;CurrentCoreCount&gt;10&lt;/CurrentCoreCount&gt;
  &lt;CurrentHostedServices&gt;19&lt;/CurrentHostedServices&gt;
  &lt;CurrentStorageAccounts&gt;14&lt;/CurrentStorageAccounts&gt;
  &lt;MaxVirtualNetworkSites&gt;50&lt;/MaxVirtualNetworkSites&gt;
  &lt;CurrentVirtualNetworkSites&gt;4&lt;/CurrentVirtualNetworkSites&gt;
  &lt;MaxLocalNetworkSites&gt;20&lt;/MaxLocalNetworkSites&gt;
  &lt;CurrentLocalNetworkSites&gt;1&lt;/CurrentLocalNetworkSites&gt;
  &lt;MaxDnsServers&gt;20&lt;/MaxDnsServers&gt;
&lt;/Subscription&gt;

"INFO: ******** CONFIGURE CONNECTION ACTION EXECUTED SUCCESSFULLY ********"
Program 'UC4 Job Messenger' version '11.1.0+build.890' started
UCMDJP: *********************************************************************
UCMDJP: ** JOB 0001011169 (ProcID:0000006612) ENDED AT 11.08.2015/12:36:59 **
UCMDJP: **                                    UTC TIME 11.08.2015/07:06:59 **
UCMDJP: ** --------------------------------------------------------------- **
UCMDJP: **                                    USED:      0.000 CPU         **
UCMDJP: *********************************************************************
Connected with agent 'ANKIT3593'
Program 'UC4 Job Messenger' version '11.1.0+build.890' terminated normally
</msg>
<msg level="INFO" timestamp="20150811 12:37:04.546">Variables: </msg>
<msg level="INFO" timestamp="20150811 12:37:04.546">Object name = PCK.AUTOMIC_AZURE.PRV.JOB.GET_SUBSCRIPTION_INFO@GENERIC</msg>
<msg level="INFO" timestamp="20150811 12:37:04.546">Activation = 2015-08-11T07:06:53</msg>
<msg level="INFO" timestamp="20150811 12:37:04.562">Consumption = 1</msg>
<msg level="INFO" timestamp="20150811 12:37:04.562">User = USER/TEST_01</msg>
<msg level="INFO" timestamp="20150811 12:37:04.562">Title = Fetch Azure subscription information</msg>
<msg level="INFO" timestamp="20150811 12:37:04.562">RunID = 1011169</msg>
<msg level="INFO" timestamp="20150811 12:37:04.562">Runtime =    0:00:06</msg>
<msg level="INFO" timestamp="20150811 12:37:04.578">System time = 0,02</msg>
<msg level="INFO" timestamp="20150811 12:37:04.578">Version = 1</msg>
<msg level="INFO" timestamp="20150811 12:37:04.578">Parent = 1011168</msg>
<msg level="INFO" timestamp="20150811 12:37:04.578">&amp;UC4RB_AZR_SUBSCRIPTION_ID# = 39f62c91-1d8a-4ada-8fa7-eeca3d8b7a92</msg>
<msg level="INFO" timestamp="20150811 12:37:04.578">Event ID = 1011169</msg>
<msg level="INFO" timestamp="20150811 12:37:04.578">Return code = 0</msg>
<msg level="INFO" timestamp="20150811 12:37:04.593">Express = Deactivated</msg>
<msg level="INFO" timestamp="20150811 12:37:04.593">Start = 2015-08-11T07:06:53</msg>
<msg level="INFO" timestamp="20150811 12:37:04.593">End = 2015-08-11T07:06:59</msg>
<msg level="INFO" timestamp="20150811 12:37:04.593">Status text = Job ended</msg>
<msg level="INFO" timestamp="20150811 12:37:04.609">&amp;UC4RB_AGENT_OS# = WINDOWS</msg>
<msg level="INFO" timestamp="20150811 12:37:04.609">Process ID = 6612</msg>
<msg level="INFO" timestamp="20150811 12:37:04.609">Enable Rollback = No</msg>
<msg level="INFO" timestamp="20150811 12:37:04.624">Status = ENDED_OK - ended normally</msg>
<msg level="INFO" timestamp="20150811 12:37:04.624">&amp;UC4RB_AZR_CERT_PSWD# = test123</msg>
<msg level="INFO" timestamp="20150811 12:37:04.624">&amp;UC4RB_AZR_CERT_PATH# = E:\Robot Automation scripts\AZURE-Test\TestAzure\azure.jks</msg>
<msg level="INFO" timestamp="20150811 12:37:04.624">CPU time = 0,04</msg>
<msg level="INFO" timestamp="20150811 12:37:04.624">Job Status = ENDED_OK - ended normally</msg>
<msg level="INFO" timestamp="20150811 12:37:04.624">&amp;LOGIN# = LOGIN.NEW.1</msg>
<msg level="INFO" timestamp="20150811 12:37:04.640">Login = (NAGARRO\ankittaneja)</msg>
<msg level="INFO" timestamp="20150811 12:37:04.640">Host = ANKIT3593</msg>
<msg level="INFO" timestamp="20150811 12:37:04.640">User time = 0,02</msg>
<msg level="INFO" timestamp="20150811 12:37:04.640">Activator = 1011168</msg>
<msg level="INFO" timestamp="20150811 12:37:04.640">&amp;AGENT# = Ankit3593</msg>
<msg level="INFO" timestamp="20150811 12:37:04.640">Queue = CLIENT_QUEUE</msg>
<msg level="INFO" timestamp="20150811 12:37:04.656">Start type = JOBP</msg>
<msg level="DEBUG" timestamp="20150811 12:37:04.656">Deactivate workflow...</msg>
<msg level="INFO" timestamp="20150811 12:37:04.671">Deactivate task, runId = 1011167</msg>
<msg level="INFO" timestamp="20150811 12:37:04.687">Export result done</msg>
<msg level="INFO" timestamp="20150811 12:37:04.687">Clean up workflow 1011167...</msg>
<msg level="INFO" timestamp="20150811 12:37:04.687">Deactivate workflow...</msg>
<msg level="INFO" timestamp="20150811 12:37:04.687">Deactivate task, runId = 1011167</msg>
<msg level="INFO" timestamp="20150811 12:37:04.702">Clean up workflow done</msg>
<msg level="TRACE" timestamp="20150811 12:37:04.702">Return: None</msg>
<status endtime="20150811 12:37:04.702" starttime="20150811 12:36:52.004" status="PASS"></status>
</kw>
<kw type="kw" name="BuiltIn.Run Keyword If">
<doc>Runs the given keyword with the given arguments, if `condition` is true.</doc>
<arguments>
<arg>'${OK_NOK}' == 'OK'</arg>
<arg>Assert Success</arg>
<arg>ELSE IF</arg>
<arg>'${OK_NOK}' == 'NOK'</arg>
<arg>Assert Failure</arg>
<arg>ELSE</arg>
<arg>Assert Mandatory</arg>
</arguments>
<msg level="TRACE" timestamp="20150811 12:37:04.718">Arguments: [ u"'OK' == 'OK'" | u'Assert Success' | u'ELSE IF' | u"'${OK_NOK}' == 'NOK'" | u'Assert Failure' | u'ELSE' | u'Assert Mandatory' ]</msg>
<kw type="kw" name="keywords.Assert Success">
<doc></doc>
<arguments>
</arguments>
<msg level="TRACE" timestamp="20150811 12:37:04.718">Arguments: [  ]</msg>
<kw type="kw" name="keywords.Action Report Should Be Found">
<doc></doc>
<arguments>
</arguments>
<msg level="TRACE" timestamp="20150811 12:37:04.718">Arguments: [  ]</msg>
<kw type="kw" name="${report} = com.automic.robot.itpa.ItpaLibrary.Action Get Report">
<doc></doc>
<arguments>
</arguments>
<msg level="TRACE" timestamp="20150811 12:37:04.718">Arguments: [  ]</msg>
<msg level="INFO" timestamp="20150811 12:37:04.734">Load action last report, action = PCK.AUTOMIC_AZURE.PUB.ACTION.GET_SUBSCRIPTION_INFO14392768118792773953268715767898, runId = 1011167</msg>
<msg level="TRACE" timestamp="20150811 12:37:04.734">Return: u'20150811/123653.268 - U02001096 Job \'1011169\' uses client-wide resource \'3:PCK.AUTOMIC_AZURE.PRV.STORE/AZURE\' - \'C:\\Automic\\UC4\\Agents\\windows\\ankit3593\\Resources\\0003\\azure-tool.jar\'.\n\nc:\\&gt;C:\\Automic\\UC4\\Agents\\windows\\ankit3593\\bin\\UCXJWX6m.exe JNR=0001011169 MNR=0003 PNR=2300 IPA=10.175.172.204 TYP=S TXT="        Job started" \nProgram \'UC4 Job Messenger\' version \'11.1.0+build.890\' started\nUCMDJP: *********************************************************************\nUCMDJP: ** JOB 0001011169 (ProcID:0000006612) START AT 11.08.2015/12:36:53 **\nUCMDJP: **                                    UTC TIME 11.08.2015/07:06:53 **\nUCMDJP: *********************************************************************\nConnected with agent \'ANKIT3593\'\nProgram \'UC4 Job Messenger\' version \'11.1.0+build.890\' terminated normally\n""\n""\n"********************************"\n"** PARAMETER VALIDATION START **"\n"********************************"\n""\n"PARAM: Subscription ID = 39f62c91-1d8a-4ada-8fa7-eeca3d8b7a92"\n"PARAM: Certificate location = E:\\Robot Automation scripts\\AZURE-Test\\TestAzure\\azure.jks"\n"PARAM: Certificate Password = test123"\n""\n""\n"********************************"\n"**      EXECUTION START       **"\n"********************************"\n""\n&lt;?xml version="1.0" encoding="UTF-8"?&gt;&lt;Subscription xmlns="http://schemas.microsoft.com/windowsazure" xmlns:i="http://www.w3.org/2001/XMLSchema-instance"&gt;\n  &lt;SubscriptionID&gt;39f62c91-1d8a-4ada-8fa7-eeca3d8b7a92&lt;/SubscriptionID&gt;\n  &lt;SubscriptionName&gt;Microsoft Partner Network&lt;/SubscriptionName&gt;\n  &lt;SubscriptionStatus&gt;Active&lt;/SubscriptionStatus&gt;\n  &lt;AccountAdminLiveEmailId&gt;florian.krebs@uc4.com&lt;/AccountAdminLiveEmailId&gt;\n  &lt;ServiceAdminLiveEmailId&gt;florian.krebs@uc4.com&lt;/ServiceAdminLiveEmailId&gt;\n  &lt;MaxCoreCount&gt;20&lt;/MaxCoreCount&gt;\n  &lt;MaxStorageAccounts&gt;100&lt;/MaxStorageAccounts&gt;\n  &lt;MaxHostedServices&gt;20&lt;/MaxHostedServices&gt;\n  &lt;CurrentCoreCount&gt;10&lt;/CurrentCoreCount&gt;\n  &lt;CurrentHostedServices&gt;19&lt;/CurrentHostedServices&gt;\n  &lt;CurrentStorageAccounts&gt;14&lt;/CurrentStorageAccounts&gt;\n  &lt;MaxVirtualNetworkSites&gt;50&lt;/MaxVirtualNetworkSites&gt;\n  &lt;CurrentVirtualNetworkSites&gt;4&lt;/CurrentVirtualNetworkSites&gt;\n  &lt;MaxLocalNetworkSites&gt;20&lt;/MaxLocalNetworkSites&gt;\n  &lt;CurrentLocalNetworkSites&gt;1&lt;/CurrentLocalNetworkSites&gt;\n  &lt;MaxDnsServers&gt;20&lt;/MaxDnsServers&gt;\n&lt;/Subscription&gt;\n\n"INFO: ******** CONFIGURE CONNECTION ACTION EXECUTED SUCCESSFULLY ********"\nProgram \'UC4 Job Messenger\' version \'11.1.0+build.890\' started\nUCMDJP: *********************************************************************\nUCMDJP: ** JOB 0001011169 (ProcID:0000006612) ENDED AT 11.08.2015/12:36:59 **\nUCMDJP: **                                    UTC TIME 11.08.2015/07:06:59 **\nUCMDJP: ** --------------------------------------------------------------- **\nUCMDJP: **                                    USED:      0.000 CPU         **\nUCMDJP: *********************************************************************\nConnected with agent \'ANKIT3593\'\nProgram \'UC4 Job Messenger\' version \'11.1.0+build.890\' terminated normally\n'</msg>
<msg level="INFO" timestamp="20150811 12:37:04.734">${report} = 20150811/123653.268 - U02001096 Job '1011169' uses client-wide resource '3:PCK.AUTOMIC_AZURE.PRV.STORE/AZURE' - 'C:\Automic\UC4\Agents\windows\ankit3593\Resources\0003\azure-tool.jar'.

c:\&gt;C:\Automic...</msg>
<status endtime="20150811 12:37:04.734" starttime="20150811 12:37:04.718" status="PASS"></status>
</kw>
<kw type="kw" name="BuiltIn.Should Not Be Empty">
<doc>Verifies that the given item is not empty.</doc>
<arguments>
<arg>${report}</arg>
</arguments>
<msg level="TRACE" timestamp="20150811 12:37:04.734">Arguments: [ u'20150811/123653.268 - U02001096 Job \'1011169\' uses client-wide resource \'3:PCK.AUTOMIC_AZURE.PRV.STORE/AZURE\' - \'C:\\Automic\\UC4\\Agents\\windows\\ankit3593\\Resources\\0003\\azure-tool.jar\'.\n\nc:\\&gt;C:\\Automic\\UC4\\Agents\\windows\\ankit3593\\bin\\UCXJWX6m.exe JNR=0001011169 MNR=0003 PNR=2300 IPA=10.175.172.204 TYP=S TXT="        Job started" \nProgram \'UC4 Job Messenger\' version \'11.1.0+build.890\' started\nUCMDJP: *********************************************************************\nUCMDJP: ** JOB 0001011169 (ProcID:0000006612) START AT 11.08.2015/12:36:53 **\nUCMDJP: **                                    UTC TIME 11.08.2015/07:06:53 **\nUCMDJP: *********************************************************************\nConnected with agent \'ANKIT3593\'\nProgram \'UC4 Job Messenger\' version \'11.1.0+build.890\' terminated normally\n""\n""\n"********************************"\n"** PARAMETER VALIDATION START **"\n"********************************"\n""\n"PARAM: Subscription ID = 39f62c91-1d8a-4ada-8fa7-eeca3d8b7a92"\n"PARAM: Certificate location = E:\\Robot Automation scripts\\AZURE-Test\\TestAzure\\azure.jks"\n"PARAM: Certificate Password = test123"\n""\n""\n"********************************"\n"**      EXECUTION START       **"\n"********************************"\n""\n&lt;?xml version="1.0" encoding="UTF-8"?&gt;&lt;Subscription xmlns="http://schemas.microsoft.com/windowsazure" xmlns:i="http://www.w3.org/2001/XMLSchema-instance"&gt;\n  &lt;SubscriptionID&gt;39f62c91-1d8a-4ada-8fa7-eeca3d8b7a92&lt;/SubscriptionID&gt;\n  &lt;SubscriptionName&gt;Microsoft Partner Network&lt;/SubscriptionName&gt;\n  &lt;SubscriptionStatus&gt;Active&lt;/SubscriptionStatus&gt;\n  &lt;AccountAdminLiveEmailId&gt;florian.krebs@uc4.com&lt;/AccountAdminLiveEmailId&gt;\n  &lt;ServiceAdminLiveEmailId&gt;florian.krebs@uc4.com&lt;/ServiceAdminLiveEmailId&gt;\n  &lt;MaxCoreCount&gt;20&lt;/MaxCoreCount&gt;\n  &lt;MaxStorageAccounts&gt;100&lt;/MaxStorageAccounts&gt;\n  &lt;MaxHostedServices&gt;20&lt;/MaxHostedServices&gt;\n  &lt;CurrentCoreCount&gt;10&lt;/CurrentCoreCount&gt;\n  &lt;CurrentHostedServices&gt;19&lt;/CurrentHostedServices&gt;\n  &lt;CurrentStorageAccounts&gt;14&lt;/CurrentStorageAccounts&gt;\n  &lt;MaxVirtualNetworkSites&gt;50&lt;/MaxVirtualNetworkSites&gt;\n  &lt;CurrentVirtualNetworkSites&gt;4&lt;/CurrentVirtualNetworkSites&gt;\n  &lt;MaxLocalNetworkSites&gt;20&lt;/MaxLocalNetworkSites&gt;\n  &lt;CurrentLocalNetworkSites&gt;1&lt;/CurrentLocalNetworkSites&gt;\n  &lt;MaxDnsServers&gt;20&lt;/MaxDnsServers&gt;\n&lt;/Subscription&gt;\n\n"INFO: ******** CONFIGURE CONNECTION ACTION EXECUTED SUCCESSFULLY ********"\nProgram \'UC4 Job Messenger\' version \'11.1.0+build.890\' started\nUCMDJP: *********************************************************************\nUCMDJP: ** JOB 0001011169 (ProcID:0000006612) ENDED AT 11.08.2015/12:36:59 **\nUCMDJP: **                                    UTC TIME 11.08.2015/07:06:59 **\nUCMDJP: ** --------------------------------------------------------------- **\nUCMDJP: **                                    USED:      0.000 CPU         **\nUCMDJP: *********************************************************************\nConnected with agent \'ANKIT3593\'\nProgram \'UC4 Job Messenger\' version \'11.1.0+build.890\' terminated normally\n' ]</msg>
<msg level="INFO" timestamp="20150811 12:37:04.734">Length is 2993</msg>
<msg level="TRACE" timestamp="20150811 12:37:04.734">Return: None</msg>
<status endtime="20150811 12:37:04.734" starttime="20150811 12:37:04.734" status="PASS"></status>
</kw>
<msg level="TRACE" timestamp="20150811 12:37:04.749">Return: None</msg>
<status endtime="20150811 12:37:04.749" starttime="20150811 12:37:04.718" status="PASS"></status>
</kw>
<kw type="kw" name="keywords.Action Return Status Should Be">
<doc></doc>
<arguments>
<arg>${ENDED_OK}</arg>
</arguments>
<msg level="TRACE" timestamp="20150811 12:37:04.749">Arguments: [ ${status}=u'ENDED_OK - ended normally' ]</msg>
<kw type="kw" name="${returnStatus} = com.automic.robot.itpa.ItpaLibrary.Action Get Variable">
<doc></doc>
<arguments>
<arg>Status</arg>
</arguments>
<msg level="TRACE" timestamp="20150811 12:37:04.749">Arguments: [ u'Status' ]</msg>
<msg level="INFO" timestamp="20150811 12:37:04.749">Get action variable: Status</msg>
<msg level="TRACE" timestamp="20150811 12:37:04.749">Return: u'ENDED_OK - ended normally'</msg>
<msg level="INFO" timestamp="20150811 12:37:04.749">${returnStatus} = ENDED_OK - ended normally</msg>
<status endtime="20150811 12:37:04.749" starttime="20150811 12:37:04.749" status="PASS"></status>
</kw>
<kw type="kw" name="BuiltIn.Should Be Equal">
<doc>Fails if the given objects are unequal.</doc>
<arguments>
<arg>${returnStatus}</arg>
<arg>${status}</arg>
</arguments>
<msg level="TRACE" timestamp="20150811 12:37:04.749">Arguments: [ u'ENDED_OK - ended normally' | u'ENDED_OK - ended normally' ]</msg>
<msg level="INFO" timestamp="20150811 12:37:04.749">Argument types are:
&lt;type 'unicode'&gt;
&lt;type 'unicode'&gt;</msg>
<msg level="TRACE" timestamp="20150811 12:37:04.765">Return: None</msg>
<status endtime="20150811 12:37:04.765" starttime="20150811 12:37:04.749" status="PASS"></status>
</kw>
<msg level="TRACE" timestamp="20150811 12:37:04.765">Return: None</msg>
<status endtime="20150811 12:37:04.765" starttime="20150811 12:37:04.749" status="PASS"></status>
</kw>
<kw type="kw" name="keywords.Action Return Code Should Be">
<doc></doc>
<arguments>
<arg>${RETURN_CODE_SUCCESS}</arg>
</arguments>
<msg level="TRACE" timestamp="20150811 12:37:04.765">Arguments: [ ${code}=u'0' ]</msg>
<kw type="kw" name="${returnCode} = com.automic.robot.itpa.ItpaLibrary.Action Get Variable">
<doc></doc>
<arguments>
<arg>Return code</arg>
</arguments>
<msg level="TRACE" timestamp="20150811 12:37:04.765">Arguments: [ u'Return code' ]</msg>
<msg level="INFO" timestamp="20150811 12:37:04.765">Get action variable: Return code</msg>
<msg level="TRACE" timestamp="20150811 12:37:04.765">Return: u'0'</msg>
<msg level="INFO" timestamp="20150811 12:37:04.780">${returnCode} = 0</msg>
<status endtime="20150811 12:37:04.765" starttime="20150811 12:37:04.765" status="PASS"></status>
</kw>
<kw type="kw" name="BuiltIn.Should Be Equal">
<doc>Fails if the given objects are unequal.</doc>
<arguments>
<arg>${returnCode}</arg>
<arg>${code}</arg>
</arguments>
<msg level="TRACE" timestamp="20150811 12:37:04.780">Arguments: [ u'0' | u'0' ]</msg>
<msg level="INFO" timestamp="20150811 12:37:04.780">Argument types are:
&lt;type 'unicode'&gt;
&lt;type 'unicode'&gt;</msg>
<msg level="TRACE" timestamp="20150811 12:37:04.780">Return: None</msg>
<status endtime="20150811 12:37:04.780" starttime="20150811 12:37:04.780" status="PASS"></status>
</kw>
<msg level="TRACE" timestamp="20150811 12:37:04.780">Return: None</msg>
<status endtime="20150811 12:37:04.780" starttime="20150811 12:37:04.765" status="PASS"></status>
</kw>
<msg level="TRACE" timestamp="20150811 12:37:04.780">Return: None</msg>
<status endtime="20150811 12:37:04.780" starttime="20150811 12:37:04.718" status="PASS"></status>
</kw>
<msg level="TRACE" timestamp="20150811 12:37:04.780">Return: None</msg>
<status endtime="20150811 12:37:04.780" starttime="20150811 12:37:04.718" status="PASS"></status>
</kw>
<kw type="kw" name="BuiltIn.Run Keyword If">
<doc>Runs the given keyword with the given arguments, if `condition` is true.</doc>
<arguments>
<arg>'${OK_NOK}' == 'OK'</arg>
<arg>Action Report Should Contain</arg>
<arg>${AZURE_SUBSCRIPTION_INFO}</arg>
</arguments>
<msg level="TRACE" timestamp="20150811 12:37:04.780">Arguments: [ u"'OK' == 'OK'" | u'Action Report Should Contain' | u'${AZURE_SUBSCRIPTION_INFO}' ]</msg>
<kw type="kw" name="keywords.Action Report Should Contain">
<doc></doc>
<arguments>
<arg>${AZURE_SUBSCRIPTION_INFO}</arg>
</arguments>
<msg level="TRACE" timestamp="20150811 12:37:04.796">Arguments: [ ${text}=u'&lt;SubscriptionID&gt;39f62c91-1d8a-4ada-8fa7-eeca3d8b7a92&lt;/SubscriptionID&gt;' ]</msg>
<kw type="kw" name="${report} = com.automic.robot.itpa.ItpaLibrary.Action Get Report">
<doc></doc>
<arguments>
</arguments>
<msg level="TRACE" timestamp="20150811 12:37:04.796">Arguments: [  ]</msg>
<msg level="INFO" timestamp="20150811 12:37:04.796">Load action last report, action = PCK.AUTOMIC_AZURE.PUB.ACTION.GET_SUBSCRIPTION_INFO14392768118792773953268715767898, runId = 1011167</msg>
<msg level="TRACE" timestamp="20150811 12:37:04.796">Return: u'20150811/123653.268 - U02001096 Job \'1011169\' uses client-wide resource \'3:PCK.AUTOMIC_AZURE.PRV.STORE/AZURE\' - \'C:\\Automic\\UC4\\Agents\\windows\\ankit3593\\Resources\\0003\\azure-tool.jar\'.\n\nc:\\&gt;C:\\Automic\\UC4\\Agents\\windows\\ankit3593\\bin\\UCXJWX6m.exe JNR=0001011169 MNR=0003 PNR=2300 IPA=10.175.172.204 TYP=S TXT="        Job started" \nProgram \'UC4 Job Messenger\' version \'11.1.0+build.890\' started\nUCMDJP: *********************************************************************\nUCMDJP: ** JOB 0001011169 (ProcID:0000006612) START AT 11.08.2015/12:36:53 **\nUCMDJP: **                                    UTC TIME 11.08.2015/07:06:53 **\nUCMDJP: *********************************************************************\nConnected with agent \'ANKIT3593\'\nProgram \'UC4 Job Messenger\' version \'11.1.0+build.890\' terminated normally\n""\n""\n"********************************"\n"** PARAMETER VALIDATION START **"\n"********************************"\n""\n"PARAM: Subscription ID = 39f62c91-1d8a-4ada-8fa7-eeca3d8b7a92"\n"PARAM: Certificate location = E:\\Robot Automation scripts\\AZURE-Test\\TestAzure\\azure.jks"\n"PARAM: Certificate Password = test123"\n""\n""\n"********************************"\n"**      EXECUTION START       **"\n"********************************"\n""\n&lt;?xml version="1.0" encoding="UTF-8"?&gt;&lt;Subscription xmlns="http://schemas.microsoft.com/windowsazure" xmlns:i="http://www.w3.org/2001/XMLSchema-instance"&gt;\n  &lt;SubscriptionID&gt;39f62c91-1d8a-4ada-8fa7-eeca3d8b7a92&lt;/SubscriptionID&gt;\n  &lt;SubscriptionName&gt;Microsoft Partner Network&lt;/SubscriptionName&gt;\n  &lt;SubscriptionStatus&gt;Active&lt;/SubscriptionStatus&gt;\n  &lt;AccountAdminLiveEmailId&gt;florian.krebs@uc4.com&lt;/AccountAdminLiveEmailId&gt;\n  &lt;ServiceAdminLiveEmailId&gt;florian.krebs@uc4.com&lt;/ServiceAdminLiveEmailId&gt;\n  &lt;MaxCoreCount&gt;20&lt;/MaxCoreCount&gt;\n  &lt;MaxStorageAccounts&gt;100&lt;/MaxStorageAccounts&gt;\n  &lt;MaxHostedServices&gt;20&lt;/MaxHostedServices&gt;\n  &lt;CurrentCoreCount&gt;10&lt;/CurrentCoreCount&gt;\n  &lt;CurrentHostedServices&gt;19&lt;/CurrentHostedServices&gt;\n  &lt;CurrentStorageAccounts&gt;14&lt;/CurrentStorageAccounts&gt;\n  &lt;MaxVirtualNetworkSites&gt;50&lt;/MaxVirtualNetworkSites&gt;\n  &lt;CurrentVirtualNetworkSites&gt;4&lt;/CurrentVirtualNetworkSites&gt;\n  &lt;MaxLocalNetworkSites&gt;20&lt;/MaxLocalNetworkSites&gt;\n  &lt;CurrentLocalNetworkSites&gt;1&lt;/CurrentLocalNetworkSites&gt;\n  &lt;MaxDnsServers&gt;20&lt;/MaxDnsServers&gt;\n&lt;/Subscription&gt;\n\n"INFO: ******** CONFIGURE CONNECTION ACTION EXECUTED SUCCESSFULLY ********"\nProgram \'UC4 Job Messenger\' version \'11.1.0+build.890\' started\nUCMDJP: *********************************************************************\nUCMDJP: ** JOB 0001011169 (ProcID:0000006612) ENDED AT 11.08.2015/12:36:59 **\nUCMDJP: **                                    UTC TIME 11.08.2015/07:06:59 **\nUCMDJP: ** --------------------------------------------------------------- **\nUCMDJP: **                                    USED:      0.000 CPU         **\nUCMDJP: *********************************************************************\nConnected with agent \'ANKIT3593\'\nProgram \'UC4 Job Messenger\' version \'11.1.0+build.890\' terminated normally\n'</msg>
<msg level="INFO" timestamp="20150811 12:37:04.796">${report} = 20150811/123653.268 - U02001096 Job '1011169' uses client-wide resource '3:PCK.AUTOMIC_AZURE.PRV.STORE/AZURE' - 'C:\Automic\UC4\Agents\windows\ankit3593\Resources\0003\azure-tool.jar'.

c:\&gt;C:\Automic...</msg>
<status endtime="20150811 12:37:04.796" starttime="20150811 12:37:04.796" status="PASS"></status>
</kw>
<kw type="kw" name="BuiltIn.Should Contain">
<doc>Fails if `item1` does not contain `item2` one or more times.</doc>
<arguments>
<arg>${report}</arg>
<arg>${text}</arg>
</arguments>
<msg level="TRACE" timestamp="20150811 12:37:04.812">Arguments: [ u'20150811/123653.268 - U02001096 Job \'1011169\' uses client-wide resource \'3:PCK.AUTOMIC_AZURE.PRV.STORE/AZURE\' - \'C:\\Automic\\UC4\\Agents\\windows\\ankit3593\\Resources\\0003\\azure-tool.jar\'.\n\nc:\\&gt;C:\\Automic\\UC4\\Agents\\windows\\ankit3593\\bin\\UCXJWX6m.exe JNR=0001011169 MNR=0003 PNR=2300 IPA=10.175.172.204 TYP=S TXT="        Job started" \nProgram \'UC4 Job Messenger\' version \'11.1.0+build.890\' started\nUCMDJP: *********************************************************************\nUCMDJP: ** JOB 0001011169 (ProcID:0000006612) START AT 11.08.2015/12:36:53 **\nUCMDJP: **                                    UTC TIME 11.08.2015/07:06:53 **\nUCMDJP: *********************************************************************\nConnected with agent \'ANKIT3593\'\nProgram \'UC4 Job Messenger\' version \'11.1.0+build.890\' terminated normally\n""\n""\n"********************************"\n"** PARAMETER VALIDATION START **"\n"********************************"\n""\n"PARAM: Subscription ID = 39f62c91-1d8a-4ada-8fa7-eeca3d8b7a92"\n"PARAM: Certificate location = E:\\Robot Automation scripts\\AZURE-Test\\TestAzure\\azure.jks"\n"PARAM: Certificate Password = test123"\n""\n""\n"********************************"\n"**      EXECUTION START       **"\n"********************************"\n""\n&lt;?xml version="1.0" encoding="UTF-8"?&gt;&lt;Subscription xmlns="http://schemas.microsoft.com/windowsazure" xmlns:i="http://www.w3.org/2001/XMLSchema-instance"&gt;\n  &lt;SubscriptionID&gt;39f62c91-1d8a-4ada-8fa7-eeca3d8b7a92&lt;/SubscriptionID&gt;\n  &lt;SubscriptionName&gt;Microsoft Partner Network&lt;/SubscriptionName&gt;\n  &lt;SubscriptionStatus&gt;Active&lt;/SubscriptionStatus&gt;\n  &lt;AccountAdminLiveEmailId&gt;florian.krebs@uc4.com&lt;/AccountAdminLiveEmailId&gt;\n  &lt;ServiceAdminLiveEmailId&gt;florian.krebs@uc4.com&lt;/ServiceAdminLiveEmailId&gt;\n  &lt;MaxCoreCount&gt;20&lt;/MaxCoreCount&gt;\n  &lt;MaxStorageAccounts&gt;100&lt;/MaxStorageAccounts&gt;\n  &lt;MaxHostedServices&gt;20&lt;/MaxHostedServices&gt;\n  &lt;CurrentCoreCount&gt;10&lt;/CurrentCoreCount&gt;\n  &lt;CurrentHostedServices&gt;19&lt;/CurrentHostedServices&gt;\n  &lt;CurrentStorageAccounts&gt;14&lt;/CurrentStorageAccounts&gt;\n  &lt;MaxVirtualNetworkSites&gt;50&lt;/MaxVirtualNetworkSites&gt;\n  &lt;CurrentVirtualNetworkSites&gt;4&lt;/CurrentVirtualNetworkSites&gt;\n  &lt;MaxLocalNetworkSites&gt;20&lt;/MaxLocalNetworkSites&gt;\n  &lt;CurrentLocalNetworkSites&gt;1&lt;/CurrentLocalNetworkSites&gt;\n  &lt;MaxDnsServers&gt;20&lt;/MaxDnsServers&gt;\n&lt;/Subscription&gt;\n\n"INFO: ******** CONFIGURE CONNECTION ACTION EXECUTED SUCCESSFULLY ********"\nProgram \'UC4 Job Messenger\' version \'11.1.0+build.890\' started\nUCMDJP: *********************************************************************\nUCMDJP: ** JOB 0001011169 (ProcID:0000006612) ENDED AT 11.08.2015/12:36:59 **\nUCMDJP: **                                    UTC TIME 11.08.2015/07:06:59 **\nUCMDJP: ** --------------------------------------------------------------- **\nUCMDJP: **                                    USED:      0.000 CPU         **\nUCMDJP: *********************************************************************\nConnected with agent \'ANKIT3593\'\nProgram \'UC4 Job Messenger\' version \'11.1.0+build.890\' terminated normally\n' | u'&lt;SubscriptionID&gt;39f62c91-1d8a-4ada-8fa7-eeca3d8b7a92&lt;/SubscriptionID&gt;' ]</msg>
<msg level="TRACE" timestamp="20150811 12:37:04.812">Return: None</msg>
<status endtime="20150811 12:37:04.812" starttime="20150811 12:37:04.812" status="PASS"></status>
</kw>
<msg level="TRACE" timestamp="20150811 12:37:04.812">Return: None</msg>
<status endtime="20150811 12:37:04.812" starttime="20150811 12:37:04.796" status="PASS"></status>
</kw>
<msg level="TRACE" timestamp="20150811 12:37:04.812">Return: None</msg>
<status endtime="20150811 12:37:04.812" starttime="20150811 12:37:04.780" status="PASS"></status>
</kw>
<msg level="TRACE" timestamp="20150811 12:37:04.812">Return: None</msg>
<status endtime="20150811 12:37:04.812" starttime="20150811 12:36:51.864" status="PASS"></status>
</kw>
<doc></doc>
<tags>
<tag>all</tag>
<tag>configure_connection</tag>
<tag>main_scenarios</tag>
</tags>
<status critical="yes" endtime="20150811 12:37:04.812" starttime="20150811 12:36:51.848" status="PASS"></status>
</test>
<test name="Azure Connection with Invalid Subscription ID" id="s1-s1-s1-s1-s1-t2">
<kw type="kw" name="Configure Connection Template">
<doc>This teste validates connection between AE and Azure with a precondition for successful scenario that certificate corresponding to jks file should be uploaded to Azure portal.</doc>
<arguments>
<arg>NOK</arg>
<arg>123-12-112-12-12</arg>
<arg>${Cert_Path}</arg>
<arg>${Cert_Password}</arg>
</arguments>
<msg level="TRACE" timestamp="20150811 12:37:04.843">Arguments: [ ${OK_NOK}=u'NOK' | ${Subscription_ID}=u'123-12-112-12-12' | ${Certificate_Path}=u'E:\\Robot Automation scripts\\AZURE-Test\\TestAzure\\azure.jks' | ${Certificate_Password}=u'test123' ]</msg>
<kw type="kw" name="com.automic.robot.itpa.ItpaLibrary.Action Create">
<doc></doc>
<arguments>
<arg>${_CONFIGURE_CONNECTION_ACTION}</arg>
</arguments>
<msg level="TRACE" timestamp="20150811 12:37:04.858">Arguments: [ u'PCK.AUTOMIC_AZURE.PUB.ACTION.GET_SUBSCRIPTION_INFO' ]</msg>
<msg level="INFO" timestamp="20150811 12:37:04.858">Create action PCK.AUTOMIC_AZURE.PUB.ACTION.GET_SUBSCRIPTION_INFO</msg>
<msg level="TRACE" timestamp="20150811 12:37:04.858">Return: None</msg>
<status endtime="20150811 12:37:04.858" starttime="20150811 12:37:04.843" status="PASS"></status>
</kw>
<kw type="kw" name="keywords.Configure Connection">
<doc></doc>
<arguments>
<arg>${Subscription_ID}</arg>
<arg>${Certificate_Path}</arg>
<arg>${Certificate_Password}</arg>
</arguments>
<msg level="TRACE" timestamp="20150811 12:37:04.858">Arguments: [ ${Subscription_ID}=u'123-12-112-12-12' | ${Cert_Location}=u'E:\\Robot Automation scripts\\AZURE-Test\\TestAzure\\azure.jks' | ${Cert_Password}=u'test123' ]</msg>
<kw type="kw" name="com.automic.robot.itpa.ItpaLibrary.Action Set">
<doc></doc>
<arguments>
<arg>&amp;UC4RB_AZR_SUBSCRIPTION_ID#</arg>
<arg>${Subscription_ID}</arg>
</arguments>
<msg level="TRACE" timestamp="20150811 12:37:04.874">Arguments: [ u'&amp;UC4RB_AZR_SUBSCRIPTION_ID#' | u'123-12-112-12-12' ]</msg>
<msg level="INFO" timestamp="20150811 12:37:04.874">Set prompt set: &amp;UC4RB_AZR_SUBSCRIPTION_ID# = 123-12-112-12-12</msg>
<msg level="TRACE" timestamp="20150811 12:37:04.874">Return: None</msg>
<status endtime="20150811 12:37:04.874" starttime="20150811 12:37:04.858" status="PASS"></status>
</kw>
<kw type="kw" name="com.automic.robot.itpa.ItpaLibrary.Action Set">
<doc></doc>
<arguments>
<arg>&amp;UC4RB_AZR_CERT_PATH#</arg>
<arg>${Cert_Location}</arg>
</arguments>
<msg level="TRACE" timestamp="20150811 12:37:04.874">Arguments: [ u'&amp;UC4RB_AZR_CERT_PATH#' | u'E:\\Robot Automation scripts\\AZURE-Test\\TestAzure\\azure.jks' ]</msg>
<msg level="INFO" timestamp="20150811 12:37:04.874">Set prompt set: &amp;UC4RB_AZR_CERT_PATH# = E:\Robot Automation scripts\AZURE-Test\TestAzure\azure.jks</msg>
<msg level="TRACE" timestamp="20150811 12:37:04.874">Return: None</msg>
<status endtime="20150811 12:37:04.874" starttime="20150811 12:37:04.874" status="PASS"></status>
</kw>
<kw type="kw" name="com.automic.robot.itpa.ItpaLibrary.Action Set">
<doc></doc>
<arguments>
<arg>&amp;UC4RB_AZR_CERT_PSWD#</arg>
<arg>${Cert_Password}</arg>
</arguments>
<msg level="TRACE" timestamp="20150811 12:37:04.890">Arguments: [ u'&amp;UC4RB_AZR_CERT_PSWD#' | u'test123' ]</msg>
<msg level="INFO" timestamp="20150811 12:37:04.890">Set prompt set: &amp;UC4RB_AZR_CERT_PSWD# = test123</msg>
<msg level="TRACE" timestamp="20150811 12:37:04.890">Return: None</msg>
<status endtime="20150811 12:37:04.890" starttime="20150811 12:37:04.874" status="PASS"></status>
</kw>
<msg level="TRACE" timestamp="20150811 12:37:04.890">Return: None</msg>
<status endtime="20150811 12:37:04.890" starttime="20150811 12:37:04.858" status="PASS"></status>
</kw>
<kw type="kw" name="keywords.Set Overwrite Agent">
<doc></doc>
<arguments>
</arguments>
<msg level="TRACE" timestamp="20150811 12:37:04.890">Arguments: [  ]</msg>
<kw type="kw" name="BuiltIn.Run Keyword If">
<doc>Runs the given keyword with the given arguments, if `condition` is true.</doc>
<arguments>
<arg>'${ENV}' == 'WIN'</arg>
<arg>Set Overwrite Agent WIN</arg>
</arguments>
<msg level="TRACE" timestamp="20150811 12:37:04.890">Arguments: [ u"'WIN' == 'WIN'" | u'Set Overwrite Agent WIN' ]</msg>
<kw type="kw" name="keywords.Set Overwrite Agent WIN">
<doc></doc>
<arguments>
</arguments>
<msg level="TRACE" timestamp="20150811 12:37:04.905">Arguments: [  ]</msg>
<kw type="kw" name="com.automic.robot.itpa.ItpaLibrary.Action Set">
<doc></doc>
<arguments>
<arg>&amp;AGENT#</arg>
<arg>${_PROMPTSET_AGENT_WIN}</arg>
</arguments>
<msg level="TRACE" timestamp="20150811 12:37:04.905">Arguments: [ u'&amp;AGENT#' | u'Ankit3593' ]</msg>
<msg level="INFO" timestamp="20150811 12:37:04.905">Set prompt set: &amp;AGENT# = Ankit3593</msg>
<msg level="TRACE" timestamp="20150811 12:37:04.905">Return: None</msg>
<status endtime="20150811 12:37:04.905" starttime="20150811 12:37:04.905" status="PASS"></status>
</kw>
<kw type="kw" name="com.automic.robot.itpa.ItpaLibrary.Action Set">
<doc></doc>
<arguments>
<arg>&amp;LOGIN#</arg>
<arg>${_PROMPTSET_LOGIN_WIN}</arg>
</arguments>
<msg level="TRACE" timestamp="20150811 12:37:04.905">Arguments: [ u'&amp;LOGIN#' | u'LOGIN.NEW.1' ]</msg>
<msg level="INFO" timestamp="20150811 12:37:04.905">Set prompt set: &amp;LOGIN# = LOGIN.NEW.1</msg>
<msg level="TRACE" timestamp="20150811 12:37:04.921">Return: None</msg>
<status endtime="20150811 12:37:04.921" starttime="20150811 12:37:04.905" status="PASS"></status>
</kw>
<msg level="TRACE" timestamp="20150811 12:37:04.921">Return: None</msg>
<status endtime="20150811 12:37:04.921" starttime="20150811 12:37:04.905" status="PASS"></status>
</kw>
<msg level="TRACE" timestamp="20150811 12:37:04.921">Return: None</msg>
<status endtime="20150811 12:37:04.921" starttime="20150811 12:37:04.890" status="PASS"></status>
</kw>
<kw type="kw" name="BuiltIn.Run Keyword If">
<doc>Runs the given keyword with the given arguments, if `condition` is true.</doc>
<arguments>
<arg>'${ENV}' == 'UNIX'</arg>
<arg>Set Overwrite Agent UNIX</arg>
</arguments>
<msg level="TRACE" timestamp="20150811 12:37:04.921">Arguments: [ u"'WIN' == 'UNIX'" | u'Set Overwrite Agent UNIX' ]</msg>
<msg level="TRACE" timestamp="20150811 12:37:04.921">Return: None</msg>
<status endtime="20150811 12:37:04.921" starttime="20150811 12:37:04.921" status="PASS"></status>
</kw>
<kw type="kw" name="BuiltIn.Run Keyword If">
<doc>Runs the given keyword with the given arguments, if `condition` is true.</doc>
<arguments>
<arg>'${ENV}' == 'QTP'</arg>
<arg>Set Overwrite Agent QTP</arg>
</arguments>
<msg level="TRACE" timestamp="20150811 12:37:04.921">Arguments: [ u"'WIN' == 'QTP'" | u'Set Overwrite Agent QTP' ]</msg>
<msg level="TRACE" timestamp="20150811 12:37:04.921">Return: None</msg>
<status endtime="20150811 12:37:04.921" starttime="20150811 12:37:04.921" status="PASS"></status>
</kw>
<msg level="TRACE" timestamp="20150811 12:37:04.936">Return: None</msg>
<status endtime="20150811 12:37:04.936" starttime="20150811 12:37:04.890" status="PASS"></status>
</kw>
<kw type="kw" name="com.automic.robot.itpa.ItpaLibrary.Action Execute">
<doc></doc>
<arguments>
</arguments>
<msg level="TRACE" timestamp="20150811 12:37:04.936">Arguments: [  ]</msg>
<msg level="INFO" timestamp="20150811 12:37:04.936">Execute action PCK.AUTOMIC_AZURE.PUB.ACTION.GET_SUBSCRIPTION_INFO14392768248589009483909879161205</msg>
<msg level="DEBUG" timestamp="20150811 12:37:04.936">Create wrapper workflow which include testing action...</msg>
<msg level="DEBUG" timestamp="20150811 12:37:05.280">Assign all required parameters...</msg>
<msg level="DEBUG" timestamp="20150811 12:37:05.498">Execute workflow...</msg>
<msg level="INFO" timestamp="20150811 12:37:05.560">Waiting for workflow running, runId = 1011171, timeout = 300</msg>
<msg level="DEBUG" timestamp="20150811 12:37:10.617">... 1 waiting, 0 ended, 0 running backup, 0 rollback, 0</msg>
<msg level="DEBUG" timestamp="20150811 12:37:15.692">... 0 waiting, 0 ended, 1 running backup, 0 rollback, 0</msg>
<msg level="INFO" timestamp="20150811 12:37:15.755">Deactivate task, runId = 1011171</msg>
<msg level="DEBUG" timestamp="20150811 12:37:15.770">RunId = 1011171</msg>
<msg level="DEBUG" timestamp="20150811 12:37:15.770">Execute done</msg>
<msg level="INFO" timestamp="20150811 12:37:16.800">Export results of 1011171...</msg>
<msg level="DEBUG" timestamp="20150811 12:37:16.925">Report = 20150811/123705.888 - U02001096 Job '1011173' uses client-wide resource '3:PCK.AUTOMIC_AZURE.PRV.STORE/AZURE' - 'C:\Automic\UC4\Agents\windows\ankit3593\Resources\0003\azure-tool.jar'.

c:\&gt;C:\Automic\UC4\Agents\windows\ankit3593\bin\UCXJWX6m.exe JNR=0001011173 MNR=0003 PNR=2300 IPA=10.175.172.204 TYP=S TXT="        Job started" 
Program 'UC4 Job Messenger' version '11.1.0+build.890' started
UCMDJP: *********************************************************************
UCMDJP: ** JOB 0001011173 (ProcID:0000004820) START AT 11.08.2015/12:37:07 **
UCMDJP: **                                    UTC TIME 11.08.2015/07:07:07 **
UCMDJP: *********************************************************************
Connected with agent 'ANKIT3593'
Program 'UC4 Job Messenger' version '11.1.0+build.890' terminated normally
""
""
"********************************"
"** PARAMETER VALIDATION START **"
"********************************"
""
"PARAM: Subscription ID = 123-12-112-12-12"
"PARAM: Certificate location = E:\Robot Automation scripts\AZURE-Test\TestAzure\azure.jks"
"PARAM: Certificate Password = test123"
""
""
"********************************"
"**      EXECUTION START       **"
"********************************"
""
Docker Response: StatusCode: [403] Message: &lt;Error xmlns="http://schemas.microsoft.com/windowsazure" xmlns:i="http://www.w3.org/2001/XMLSchema-instance"&gt;&lt;Code&gt;ForbiddenError&lt;/Code&gt;&lt;Message&gt;The server failed to authenticate the request. Verify that the certificate is valid and is associated with this subscription.&lt;/Message&gt;&lt;/Error&gt;
ERROR | &lt;Error xmlns="http://schemas.microsoft.com/windowsazure" xmlns:i="http://www.w3.org/2001/XMLSchema-instance"&gt;&lt;Code&gt;ForbiddenError&lt;/Code&gt;&lt;Message&gt;The server failed to authenticate the request. Verify that the certificate is valid and is associated with this subscription.&lt;/Message&gt;&lt;/Error&gt;
ERROR | Please check the input parameters. For more details refer java logs
"ERROR: ******** CONFIGURE CONNECTION ACTION FAILED ********"
Program 'UC4 Job Messenger' version '11.1.0+build.890' started
UCMDJP: *********************************************************************
UCMDJP: ** JOB 0001011173 (ProcID:0000004820) ABEND AT 11.08.2015/12:37:12 **
UCMDJP: **                                    UTC TIME 11.08.2015/07:07:12 **
UCMDJP: ** --------------------------------------------------------------- **
UCMDJP: **                                RET-CODE:          1             **
UCMDJP: **                                    USED:      0.000 CPU         **
UCMDJP: *********************************************************************
Connected with agent 'ANKIT3593'
Program 'UC4 Job Messenger' version '11.1.0+build.890' terminated normally
</msg>
<msg level="INFO" timestamp="20150811 12:37:16.925">Variables: </msg>
<msg level="INFO" timestamp="20150811 12:37:16.940">Object name = PCK.AUTOMIC_AZURE.PRV.JOB.GET_SUBSCRIPTION_INFO@GENERIC</msg>
<msg level="INFO" timestamp="20150811 12:37:16.940">Activation = 2015-08-11T07:07:05</msg>
<msg level="INFO" timestamp="20150811 12:37:16.940">Consumption = 1</msg>
<msg level="INFO" timestamp="20150811 12:37:16.940">User = USER/TEST_01</msg>
<msg level="INFO" timestamp="20150811 12:37:16.940">Title = Fetch Azure subscription information</msg>
<msg level="INFO" timestamp="20150811 12:37:16.940">RunID = 1011173</msg>
<msg level="INFO" timestamp="20150811 12:37:16.940">Runtime =    0:00:05</msg>
<msg level="INFO" timestamp="20150811 12:37:16.956">System time = 0,02</msg>
<msg level="INFO" timestamp="20150811 12:37:16.956">Version = 1</msg>
<msg level="INFO" timestamp="20150811 12:37:16.956">Parent = 1011172</msg>
<msg level="INFO" timestamp="20150811 12:37:16.956">&amp;UC4RB_AZR_SUBSCRIPTION_ID# = 123-12-112-12-12</msg>
<msg level="INFO" timestamp="20150811 12:37:16.956">Event ID = 1011173</msg>
<msg level="INFO" timestamp="20150811 12:37:16.956">Return code = 1</msg>
<msg level="INFO" timestamp="20150811 12:37:16.956">Express = Deactivated</msg>
<msg level="INFO" timestamp="20150811 12:37:16.956">Start = 2015-08-11T07:07:07</msg>
<msg level="INFO" timestamp="20150811 12:37:16.971">End = 2015-08-11T07:07:12</msg>
<msg level="INFO" timestamp="20150811 12:37:16.971">Status text = Job ended with retcode</msg>
<msg level="INFO" timestamp="20150811 12:37:16.971">&amp;UC4RB_AGENT_OS# = WINDOWS</msg>
<msg level="INFO" timestamp="20150811 12:37:16.971">Process ID = 4820</msg>
<msg level="INFO" timestamp="20150811 12:37:16.971">Enable Rollback = No</msg>
<msg level="INFO" timestamp="20150811 12:37:16.971">Status = ENDED_NOT_OK - aborted</msg>
<msg level="INFO" timestamp="20150811 12:37:16.971">&amp;UC4RB_AZR_CERT_PSWD# = test123</msg>
<msg level="INFO" timestamp="20150811 12:37:16.987">&amp;UC4RB_AZR_CERT_PATH# = E:\Robot Automation scripts\AZURE-Test\TestAzure\azure.jks</msg>
<msg level="INFO" timestamp="20150811 12:37:16.987">CPU time = 0,02</msg>
<msg level="INFO" timestamp="20150811 12:37:16.987">Job Status = ENDED_NOT_OK - aborted</msg>
<msg level="INFO" timestamp="20150811 12:37:16.987">&amp;LOGIN# = LOGIN.NEW.1</msg>
<msg level="INFO" timestamp="20150811 12:37:16.987">Login = (NAGARRO\ankittaneja)</msg>
<msg level="INFO" timestamp="20150811 12:37:16.987">Host = ANKIT3593</msg>
<msg level="INFO" timestamp="20150811 12:37:16.987">User time = 0,00</msg>
<msg level="INFO" timestamp="20150811 12:37:17.003">Activator = 1011172</msg>
<msg level="INFO" timestamp="20150811 12:37:17.003">&amp;AGENT# = Ankit3593</msg>
<msg level="INFO" timestamp="20150811 12:37:17.003">Queue = CLIENT_QUEUE</msg>
<msg level="INFO" timestamp="20150811 12:37:17.003">Start type = JOBP</msg>
<msg level="DEBUG" timestamp="20150811 12:37:17.003">Deactivate workflow...</msg>
<msg level="INFO" timestamp="20150811 12:37:17.003">Deactivate task, runId = 1011171</msg>
<msg level="INFO" timestamp="20150811 12:37:17.018">Export result done</msg>
<msg level="INFO" timestamp="20150811 12:37:17.018">Clean up workflow 1011171...</msg>
<msg level="INFO" timestamp="20150811 12:37:17.034">Deactivate workflow...</msg>
<msg level="INFO" timestamp="20150811 12:37:17.034">Deactivate task, runId = 1011171</msg>
<msg level="INFO" timestamp="20150811 12:37:17.049">Clean up workflow done</msg>
<msg level="TRACE" timestamp="20150811 12:37:17.049">Return: None</msg>
<status endtime="20150811 12:37:17.049" starttime="20150811 12:37:04.936" status="PASS"></status>
</kw>
<kw type="kw" name="BuiltIn.Run Keyword If">
<doc>Runs the given keyword with the given arguments, if `condition` is true.</doc>
<arguments>
<arg>'${OK_NOK}' == 'OK'</arg>
<arg>Assert Success</arg>
<arg>ELSE IF</arg>
<arg>'${OK_NOK}' == 'NOK'</arg>
<arg>Assert Failure</arg>
<arg>ELSE</arg>
<arg>Assert Mandatory</arg>
</arguments>
<msg level="TRACE" timestamp="20150811 12:37:17.049">Arguments: [ u"'NOK' == 'OK'" | u'Assert Success' | u'ELSE IF' | u"'${OK_NOK}' == 'NOK'" | u'Assert Failure' | u'ELSE' | u'Assert Mandatory' ]</msg>
<kw type="kw" name="keywords.Assert Failure">
<doc></doc>
<arguments>
</arguments>
<msg level="TRACE" timestamp="20150811 12:37:17.049">Arguments: [  ]</msg>
<kw type="kw" name="keywords.Action Report Should Be Found">
<doc></doc>
<arguments>
</arguments>
<msg level="TRACE" timestamp="20150811 12:37:17.065">Arguments: [  ]</msg>
<kw type="kw" name="${report} = com.automic.robot.itpa.ItpaLibrary.Action Get Report">
<doc></doc>
<arguments>
</arguments>
<msg level="TRACE" timestamp="20150811 12:37:17.065">Arguments: [  ]</msg>
<msg level="INFO" timestamp="20150811 12:37:17.065">Load action last report, action = PCK.AUTOMIC_AZURE.PUB.ACTION.GET_SUBSCRIPTION_INFO14392768248589009483909879161205, runId = 1011171</msg>
<msg level="TRACE" timestamp="20150811 12:37:17.065">Return: u'20150811/123705.888 - U02001096 Job \'1011173\' uses client-wide resource \'3:PCK.AUTOMIC_AZURE.PRV.STORE/AZURE\' - \'C:\\Automic\\UC4\\Agents\\windows\\ankit3593\\Resources\\0003\\azure-tool.jar\'.\n\nc:\\&gt;C:\\Automic\\UC4\\Agents\\windows\\ankit3593\\bin\\UCXJWX6m.exe JNR=0001011173 MNR=0003 PNR=2300 IPA=10.175.172.204 TYP=S TXT="        Job started" \nProgram \'UC4 Job Messenger\' version \'11.1.0+build.890\' started\nUCMDJP: *********************************************************************\nUCMDJP: ** JOB 0001011173 (ProcID:0000004820) START AT 11.08.2015/12:37:07 **\nUCMDJP: **                                    UTC TIME 11.08.2015/07:07:07 **\nUCMDJP: *********************************************************************\nConnected with agent \'ANKIT3593\'\nProgram \'UC4 Job Messenger\' version \'11.1.0+build.890\' terminated normally\n""\n""\n"********************************"\n"** PARAMETER VALIDATION START **"\n"********************************"\n""\n"PARAM: Subscription ID = 123-12-112-12-12"\n"PARAM: Certificate location = E:\\Robot Automation scripts\\AZURE-Test\\TestAzure\\azure.jks"\n"PARAM: Certificate Password = test123"\n""\n""\n"********************************"\n"**      EXECUTION START       **"\n"********************************"\n""\nDocker Response: StatusCode: [403] Message: &lt;Error xmlns="http://schemas.microsoft.com/windowsazure" xmlns:i="http://www.w3.org/2001/XMLSchema-instance"&gt;&lt;Code&gt;ForbiddenError&lt;/Code&gt;&lt;Message&gt;The server failed to authenticate the request. Verify that the certificate is valid and is associated with this subscription.&lt;/Message&gt;&lt;/Error&gt;\nERROR | &lt;Error xmlns="http://schemas.microsoft.com/windowsazure" xmlns:i="http://www.w3.org/2001/XMLSchema-instance"&gt;&lt;Code&gt;ForbiddenError&lt;/Code&gt;&lt;Message&gt;The server failed to authenticate the request. Verify that the certificate is valid and is associated with this subscription.&lt;/Message&gt;&lt;/Error&gt;\nERROR | Please check the input parameters. For more details refer java logs\n"ERROR: ******** CONFIGURE CONNECTION ACTION FAILED ********"\nProgram \'UC4 Job Messenger\' version \'11.1.0+build.890\' started\nUCMDJP: *********************************************************************\nUCMDJP: ** JOB 0001011173 (ProcID:0000004820) ABEND AT 11.08.2015/12:37:12 **\nUCMDJP: **                                    UTC TIME 11.08.2015/07:07:12 **\nUCMDJP: ** --------------------------------------------------------------- **\nUCMDJP: **                                RET-CODE:          1             **\nUCMDJP: **                                    USED:      0.000 CPU         **\nUCMDJP: *********************************************************************\nConnected with agent \'ANKIT3593\'\nProgram \'UC4 Job Messenger\' version \'11.1.0+build.890\' terminated normally\n'</msg>
<msg level="INFO" timestamp="20150811 12:37:17.065">${report} = 20150811/123705.888 - U02001096 Job '1011173' uses client-wide resource '3:PCK.AUTOMIC_AZURE.PRV.STORE/AZURE' - 'C:\Automic\UC4\Agents\windows\ankit3593\Resources\0003\azure-tool.jar'.

c:\&gt;C:\Automic...</msg>
<status endtime="20150811 12:37:17.065" starttime="20150811 12:37:17.065" status="PASS"></status>
</kw>
<kw type="kw" name="BuiltIn.Should Not Be Empty">
<doc>Verifies that the given item is not empty.</doc>
<arguments>
<arg>${report}</arg>
</arguments>
<msg level="TRACE" timestamp="20150811 12:37:17.081">Arguments: [ u'20150811/123705.888 - U02001096 Job \'1011173\' uses client-wide resource \'3:PCK.AUTOMIC_AZURE.PRV.STORE/AZURE\' - \'C:\\Automic\\UC4\\Agents\\windows\\ankit3593\\Resources\\0003\\azure-tool.jar\'.\n\nc:\\&gt;C:\\Automic\\UC4\\Agents\\windows\\ankit3593\\bin\\UCXJWX6m.exe JNR=0001011173 MNR=0003 PNR=2300 IPA=10.175.172.204 TYP=S TXT="        Job started" \nProgram \'UC4 Job Messenger\' version \'11.1.0+build.890\' started\nUCMDJP: *********************************************************************\nUCMDJP: ** JOB 0001011173 (ProcID:0000004820) START AT 11.08.2015/12:37:07 **\nUCMDJP: **                                    UTC TIME 11.08.2015/07:07:07 **\nUCMDJP: *********************************************************************\nConnected with agent \'ANKIT3593\'\nProgram \'UC4 Job Messenger\' version \'11.1.0+build.890\' terminated normally\n""\n""\n"********************************"\n"** PARAMETER VALIDATION START **"\n"********************************"\n""\n"PARAM: Subscription ID = 123-12-112-12-12"\n"PARAM: Certificate location = E:\\Robot Automation scripts\\AZURE-Test\\TestAzure\\azure.jks"\n"PARAM: Certificate Password = test123"\n""\n""\n"********************************"\n"**      EXECUTION START       **"\n"********************************"\n""\nDocker Response: StatusCode: [403] Message: &lt;Error xmlns="http://schemas.microsoft.com/windowsazure" xmlns:i="http://www.w3.org/2001/XMLSchema-instance"&gt;&lt;Code&gt;ForbiddenError&lt;/Code&gt;&lt;Message&gt;The server failed to authenticate the request. Verify that the certificate is valid and is associated with this subscription.&lt;/Message&gt;&lt;/Error&gt;\nERROR | &lt;Error xmlns="http://schemas.microsoft.com/windowsazure" xmlns:i="http://www.w3.org/2001/XMLSchema-instance"&gt;&lt;Code&gt;ForbiddenError&lt;/Code&gt;&lt;Message&gt;The server failed to authenticate the request. Verify that the certificate is valid and is associated with this subscription.&lt;/Message&gt;&lt;/Error&gt;\nERROR | Please check the input parameters. For more details refer java logs\n"ERROR: ******** CONFIGURE CONNECTION ACTION FAILED ********"\nProgram \'UC4 Job Messenger\' version \'11.1.0+build.890\' started\nUCMDJP: *********************************************************************\nUCMDJP: ** JOB 0001011173 (ProcID:0000004820) ABEND AT 11.08.2015/12:37:12 **\nUCMDJP: **                                    UTC TIME 11.08.2015/07:07:12 **\nUCMDJP: ** --------------------------------------------------------------- **\nUCMDJP: **                                RET-CODE:          1             **\nUCMDJP: **                                    USED:      0.000 CPU         **\nUCMDJP: *********************************************************************\nConnected with agent \'ANKIT3593\'\nProgram \'UC4 Job Messenger\' version \'11.1.0+build.890\' terminated normally\n' ]</msg>
<msg level="INFO" timestamp="20150811 12:37:17.081">Length is 2703</msg>
<msg level="TRACE" timestamp="20150811 12:37:17.081">Return: None</msg>
<status endtime="20150811 12:37:17.081" starttime="20150811 12:37:17.081" status="PASS"></status>
</kw>
<msg level="TRACE" timestamp="20150811 12:37:17.081">Return: None</msg>
<status endtime="20150811 12:37:17.081" starttime="20150811 12:37:17.065" status="PASS"></status>
</kw>
<kw type="kw" name="keywords.Action Return Status Should Be">
<doc></doc>
<arguments>
<arg>${ENDED_NOT_OK}</arg>
</arguments>
<msg level="TRACE" timestamp="20150811 12:37:17.081">Arguments: [ ${status}=u'ENDED_NOT_OK - aborted' ]</msg>
<kw type="kw" name="${returnStatus} = com.automic.robot.itpa.ItpaLibrary.Action Get Variable">
<doc></doc>
<arguments>
<arg>Status</arg>
</arguments>
<msg level="TRACE" timestamp="20150811 12:37:17.081">Arguments: [ u'Status' ]</msg>
<msg level="INFO" timestamp="20150811 12:37:17.096">Get action variable: Status</msg>
<msg level="TRACE" timestamp="20150811 12:37:17.096">Return: u'ENDED_NOT_OK - aborted'</msg>
<msg level="INFO" timestamp="20150811 12:37:17.096">${returnStatus} = ENDED_NOT_OK - aborted</msg>
<status endtime="20150811 12:37:17.096" starttime="20150811 12:37:17.081" status="PASS"></status>
</kw>
<kw type="kw" name="BuiltIn.Should Be Equal">
<doc>Fails if the given objects are unequal.</doc>
<arguments>
<arg>${returnStatus}</arg>
<arg>${status}</arg>
</arguments>
<msg level="TRACE" timestamp="20150811 12:37:17.096">Arguments: [ u'ENDED_NOT_OK - aborted' | u'ENDED_NOT_OK - aborted' ]</msg>
<msg level="INFO" timestamp="20150811 12:37:17.096">Argument types are:
&lt;type 'unicode'&gt;
&lt;type 'unicode'&gt;</msg>
<msg level="TRACE" timestamp="20150811 12:37:17.096">Return: None</msg>
<status endtime="20150811 12:37:17.096" starttime="20150811 12:37:17.096" status="PASS"></status>
</kw>
<msg level="TRACE" timestamp="20150811 12:37:17.096">Return: None</msg>
<status endtime="20150811 12:37:17.096" starttime="20150811 12:37:17.081" status="PASS"></status>
</kw>
<kw type="kw" name="keywords.Action Return Code Should Be">
<doc></doc>
<arguments>
<arg>${RETURN_CODE_FAILURE}</arg>
</arguments>
<msg level="TRACE" timestamp="20150811 12:37:17.112">Arguments: [ ${code}=u'1' ]</msg>
<kw type="kw" name="${returnCode} = com.automic.robot.itpa.ItpaLibrary.Action Get Variable">
<doc></doc>
<arguments>
<arg>Return code</arg>
</arguments>
<msg level="TRACE" timestamp="20150811 12:37:17.112">Arguments: [ u'Return code' ]</msg>
<msg level="INFO" timestamp="20150811 12:37:17.112">Get action variable: Return code</msg>
<msg level="TRACE" timestamp="20150811 12:37:17.112">Return: u'1'</msg>
<msg level="INFO" timestamp="20150811 12:37:17.112">${returnCode} = 1</msg>
<status endtime="20150811 12:37:17.112" starttime="20150811 12:37:17.112" status="PASS"></status>
</kw>
<kw type="kw" name="BuiltIn.Should Be Equal">
<doc>Fails if the given objects are unequal.</doc>
<arguments>
<arg>${returnCode}</arg>
<arg>${code}</arg>
</arguments>
<msg level="TRACE" timestamp="20150811 12:37:17.112">Arguments: [ u'1' | u'1' ]</msg>
<msg level="INFO" timestamp="20150811 12:37:17.112">Argument types are:
&lt;type 'unicode'&gt;
&lt;type 'unicode'&gt;</msg>
<msg level="TRACE" timestamp="20150811 12:37:17.112">Return: None</msg>
<status endtime="20150811 12:37:17.112" starttime="20150811 12:37:17.112" status="PASS"></status>
</kw>
<msg level="TRACE" timestamp="20150811 12:37:17.112">Return: None</msg>
<status endtime="20150811 12:37:17.112" starttime="20150811 12:37:17.096" status="PASS"></status>
</kw>
<msg level="TRACE" timestamp="20150811 12:37:17.112">Return: None</msg>
<status endtime="20150811 12:37:17.112" starttime="20150811 12:37:17.049" status="PASS"></status>
</kw>
<msg level="TRACE" timestamp="20150811 12:37:17.127">Return: None</msg>
<status endtime="20150811 12:37:17.127" starttime="20150811 12:37:17.049" status="PASS"></status>
</kw>
<kw type="kw" name="BuiltIn.Run Keyword If">
<doc>Runs the given keyword with the given arguments, if `condition` is true.</doc>
<arguments>
<arg>'${OK_NOK}' == 'OK'</arg>
<arg>Action Report Should Contain</arg>
<arg>${AZURE_SUBSCRIPTION_INFO}</arg>
</arguments>
<msg level="TRACE" timestamp="20150811 12:37:17.127">Arguments: [ u"'NOK' == 'OK'" | u'Action Report Should Contain' | u'${AZURE_SUBSCRIPTION_INFO}' ]</msg>
<msg level="TRACE" timestamp="20150811 12:37:17.127">Return: None</msg>
<status endtime="20150811 12:37:17.127" starttime="20150811 12:37:17.127" status="PASS"></status>
</kw>
<msg level="TRACE" timestamp="20150811 12:37:17.127">Return: None</msg>
<status endtime="20150811 12:37:17.127" starttime="20150811 12:37:04.843" status="PASS"></status>
</kw>
<doc></doc>
<tags>
<tag>all</tag>
<tag>configure_connection</tag>
</tags>
<status critical="yes" endtime="20150811 12:37:17.127" starttime="20150811 12:37:04.827" status="PASS"></status>
</test>
<test name="Azure Connection with Invalid Certificate Location" id="s1-s1-s1-s1-s1-t3">
<kw type="kw" name="Configure Connection Template">
<doc>This teste validates connection between AE and Azure with a precondition for successful scenario that certificate corresponding to jks file should be uploaded to Azure portal.</doc>
<arguments>
<arg>NOK</arg>
<arg>${Subscription_ID}</arg>
<arg>C:\\Cert.jks</arg>
<arg>${Cert_Password}</arg>
</arguments>
<msg level="TRACE" timestamp="20150811 12:37:17.159">Arguments: [ ${OK_NOK}=u'NOK' | ${Subscription_ID}=u'39f62c91-1d8a-4ada-8fa7-eeca3d8b7a92' | ${Certificate_Path}=u'C:\\Cert.jks' | ${Certificate_Password}=u'test123' ]</msg>
<kw type="kw" name="com.automic.robot.itpa.ItpaLibrary.Action Create">
<doc></doc>
<arguments>
<arg>${_CONFIGURE_CONNECTION_ACTION}</arg>
</arguments>
<msg level="TRACE" timestamp="20150811 12:37:17.159">Arguments: [ u'PCK.AUTOMIC_AZURE.PUB.ACTION.GET_SUBSCRIPTION_INFO' ]</msg>
<msg level="INFO" timestamp="20150811 12:37:17.159">Create action PCK.AUTOMIC_AZURE.PUB.ACTION.GET_SUBSCRIPTION_INFO</msg>
<msg level="TRACE" timestamp="20150811 12:37:17.159">Return: None</msg>
<status endtime="20150811 12:37:17.159" starttime="20150811 12:37:17.159" status="PASS"></status>
</kw>
<kw type="kw" name="keywords.Configure Connection">
<doc></doc>
<arguments>
<arg>${Subscription_ID}</arg>
<arg>${Certificate_Path}</arg>
<arg>${Certificate_Password}</arg>
</arguments>
<msg level="TRACE" timestamp="20150811 12:37:17.174">Arguments: [ ${Subscription_ID}=u'39f62c91-1d8a-4ada-8fa7-eeca3d8b7a92' | ${Cert_Location}=u'C:\\Cert.jks' | ${Cert_Password}=u'test123' ]</msg>
<kw type="kw" name="com.automic.robot.itpa.ItpaLibrary.Action Set">
<doc></doc>
<arguments>
<arg>&amp;UC4RB_AZR_SUBSCRIPTION_ID#</arg>
<arg>${Subscription_ID}</arg>
</arguments>
<msg level="TRACE" timestamp="20150811 12:37:17.174">Arguments: [ u'&amp;UC4RB_AZR_SUBSCRIPTION_ID#' | u'39f62c91-1d8a-4ada-8fa7-eeca3d8b7a92' ]</msg>
<msg level="INFO" timestamp="20150811 12:37:17.174">Set prompt set: &amp;UC4RB_AZR_SUBSCRIPTION_ID# = 39f62c91-1d8a-4ada-8fa7-eeca3d8b7a92</msg>
<msg level="TRACE" timestamp="20150811 12:37:17.174">Return: None</msg>
<status endtime="20150811 12:37:17.174" starttime="20150811 12:37:17.174" status="PASS"></status>
</kw>
<kw type="kw" name="com.automic.robot.itpa.ItpaLibrary.Action Set">
<doc></doc>
<arguments>
<arg>&amp;UC4RB_AZR_CERT_PATH#</arg>
<arg>${Cert_Location}</arg>
</arguments>
<msg level="TRACE" timestamp="20150811 12:37:17.174">Arguments: [ u'&amp;UC4RB_AZR_CERT_PATH#' | u'C:\\Cert.jks' ]</msg>
<msg level="INFO" timestamp="20150811 12:37:17.174">Set prompt set: &amp;UC4RB_AZR_CERT_PATH# = C:\Cert.jks</msg>
<msg level="TRACE" timestamp="20150811 12:37:17.174">Return: None</msg>
<status endtime="20150811 12:37:17.174" starttime="20150811 12:37:17.174" status="PASS"></status>
</kw>
<kw type="kw" name="com.automic.robot.itpa.ItpaLibrary.Action Set">
<doc></doc>
<arguments>
<arg>&amp;UC4RB_AZR_CERT_PSWD#</arg>
<arg>${Cert_Password}</arg>
</arguments>
<msg level="TRACE" timestamp="20150811 12:37:17.190">Arguments: [ u'&amp;UC4RB_AZR_CERT_PSWD#' | u'test123' ]</msg>
<msg level="INFO" timestamp="20150811 12:37:17.190">Set prompt set: &amp;UC4RB_AZR_CERT_PSWD# = test123</msg>
<msg level="TRACE" timestamp="20150811 12:37:17.190">Return: None</msg>
<status endtime="20150811 12:37:17.190" starttime="20150811 12:37:17.174" status="PASS"></status>
</kw>
<msg level="TRACE" timestamp="20150811 12:37:17.190">Return: None</msg>
<status endtime="20150811 12:37:17.190" starttime="20150811 12:37:17.159" status="PASS"></status>
</kw>
<kw type="kw" name="keywords.Set Overwrite Agent">
<doc></doc>
<arguments>
</arguments>
<msg level="TRACE" timestamp="20150811 12:37:17.190">Arguments: [  ]</msg>
<kw type="kw" name="BuiltIn.Run Keyword If">
<doc>Runs the given keyword with the given arguments, if `condition` is true.</doc>
<arguments>
<arg>'${ENV}' == 'WIN'</arg>
<arg>Set Overwrite Agent WIN</arg>
</arguments>
<msg level="TRACE" timestamp="20150811 12:37:17.190">Arguments: [ u"'WIN' == 'WIN'" | u'Set Overwrite Agent WIN' ]</msg>
<kw type="kw" name="keywords.Set Overwrite Agent WIN">
<doc></doc>
<arguments>
</arguments>
<msg level="TRACE" timestamp="20150811 12:37:17.190">Arguments: [  ]</msg>
<kw type="kw" name="com.automic.robot.itpa.ItpaLibrary.Action Set">
<doc></doc>
<arguments>
<arg>&amp;AGENT#</arg>
<arg>${_PROMPTSET_AGENT_WIN}</arg>
</arguments>
<msg level="TRACE" timestamp="20150811 12:37:17.205">Arguments: [ u'&amp;AGENT#' | u'Ankit3593' ]</msg>
<msg level="INFO" timestamp="20150811 12:37:17.205">Set prompt set: &amp;AGENT# = Ankit3593</msg>
<msg level="TRACE" timestamp="20150811 12:37:17.205">Return: None</msg>
<status endtime="20150811 12:37:17.205" starttime="20150811 12:37:17.190" status="PASS"></status>
</kw>
<kw type="kw" name="com.automic.robot.itpa.ItpaLibrary.Action Set">
<doc></doc>
<arguments>
<arg>&amp;LOGIN#</arg>
<arg>${_PROMPTSET_LOGIN_WIN}</arg>
</arguments>
<msg level="TRACE" timestamp="20150811 12:37:17.205">Arguments: [ u'&amp;LOGIN#' | u'LOGIN.NEW.1' ]</msg>
<msg level="INFO" timestamp="20150811 12:37:17.205">Set prompt set: &amp;LOGIN# = LOGIN.NEW.1</msg>
<msg level="TRACE" timestamp="20150811 12:37:17.205">Return: None</msg>
<status endtime="20150811 12:37:17.205" starttime="20150811 12:37:17.205" status="PASS"></status>
</kw>
<msg level="TRACE" timestamp="20150811 12:37:17.205">Return: None</msg>
<status endtime="20150811 12:37:17.205" starttime="20150811 12:37:17.190" status="PASS"></status>
</kw>
<msg level="TRACE" timestamp="20150811 12:37:17.205">Return: None</msg>
<status endtime="20150811 12:37:17.205" starttime="20150811 12:37:17.190" status="PASS"></status>
</kw>
<kw type="kw" name="BuiltIn.Run Keyword If">
<doc>Runs the given keyword with the given arguments, if `condition` is true.</doc>
<arguments>
<arg>'${ENV}' == 'UNIX'</arg>
<arg>Set Overwrite Agent UNIX</arg>
</arguments>
<msg level="TRACE" timestamp="20150811 12:37:17.205">Arguments: [ u"'WIN' == 'UNIX'" | u'Set Overwrite Agent UNIX' ]</msg>
<msg level="TRACE" timestamp="20150811 12:37:17.221">Return: None</msg>
<status endtime="20150811 12:37:17.221" starttime="20150811 12:37:17.205" status="PASS"></status>
</kw>
<kw type="kw" name="BuiltIn.Run Keyword If">
<doc>Runs the given keyword with the given arguments, if `condition` is true.</doc>
<arguments>
<arg>'${ENV}' == 'QTP'</arg>
<arg>Set Overwrite Agent QTP</arg>
</arguments>
<msg level="TRACE" timestamp="20150811 12:37:17.221">Arguments: [ u"'WIN' == 'QTP'" | u'Set Overwrite Agent QTP' ]</msg>
<msg level="TRACE" timestamp="20150811 12:37:17.221">Return: None</msg>
<status endtime="20150811 12:37:17.221" starttime="20150811 12:37:17.221" status="PASS"></status>
</kw>
<msg level="TRACE" timestamp="20150811 12:37:17.221">Return: None</msg>
<status endtime="20150811 12:37:17.221" starttime="20150811 12:37:17.190" status="PASS"></status>
</kw>
<kw type="kw" name="com.automic.robot.itpa.ItpaLibrary.Action Execute">
<doc></doc>
<arguments>
</arguments>
<msg level="TRACE" timestamp="20150811 12:37:17.221">Arguments: [  ]</msg>
<msg level="INFO" timestamp="20150811 12:37:17.221">Execute action PCK.AUTOMIC_AZURE.PUB.ACTION.GET_SUBSCRIPTION_INFO14392768371598602618117437044885</msg>
<msg level="DEBUG" timestamp="20150811 12:37:17.221">Create wrapper workflow which include testing action...</msg>
<msg level="DEBUG" timestamp="20150811 12:37:17.595">Assign all required parameters...</msg>
<msg level="DEBUG" timestamp="20150811 12:37:17.829">Execute workflow...</msg>
<msg level="INFO" timestamp="20150811 12:37:17.892">Waiting for workflow running, runId = 1011175, timeout = 300</msg>
<msg level="DEBUG" timestamp="20150811 12:37:22.928">... 1 waiting, 0 ended, 0 running backup, 0 rollback, 0</msg>
<msg level="INFO" timestamp="20150811 12:37:23.006">Deactivate task, runId = 1011175</msg>
<msg level="DEBUG" timestamp="20150811 12:37:23.022">RunId = 1011175</msg>
<msg level="DEBUG" timestamp="20150811 12:37:23.037">Execute done</msg>
<msg level="INFO" timestamp="20150811 12:37:24.051">Export results of 1011175...</msg>
<msg level="DEBUG" timestamp="20150811 12:37:24.176">Report = 20150811/123718.235 - U02001096 Job '1011177' uses client-wide resource '3:PCK.AUTOMIC_AZURE.PRV.STORE/AZURE' - 'C:\Automic\UC4\Agents\windows\ankit3593\Resources\0003\azure-tool.jar'.

c:\&gt;C:\Automic\UC4\Agents\windows\ankit3593\bin\UCXJWX6m.exe JNR=0001011177 MNR=0003 PNR=2300 IPA=10.175.172.204 TYP=S TXT="        Job started" 
Program 'UC4 Job Messenger' version '11.1.0+build.890' started
UCMDJP: *********************************************************************
UCMDJP: ** JOB 0001011177 (ProcID:0000001036) START AT 11.08.2015/12:37:18 **
UCMDJP: **                                    UTC TIME 11.08.2015/07:07:18 **
UCMDJP: *********************************************************************
Connected with agent 'ANKIT3593'
Program 'UC4 Job Messenger' version '11.1.0+build.890' terminated normally
""
""
"********************************"
"** PARAMETER VALIDATION START **"
"********************************"
""
"PARAM: Subscription ID = 39f62c91-1d8a-4ada-8fa7-eeca3d8b7a92"
"PARAM: Certificate location = C:\Cert.jks"
"PARAM: Certificate Password = test123"
""
""
"********************************"
"**      EXECUTION START       **"
"********************************"
""
ERROR |  File [C:\Cert.jks] is invalid. Possibly file does not exist 
ERROR | Please check the input parameters. For more details refer java logs
"ERROR: ******** CONFIGURE CONNECTION ACTION FAILED ********"
Program 'UC4 Job Messenger' version '11.1.0+build.890' started
UCMDJP: *********************************************************************
UCMDJP: ** JOB 0001011177 (ProcID:0000001036) ABEND AT 11.08.2015/12:37:18 **
UCMDJP: **                                    UTC TIME 11.08.2015/07:07:18 **
UCMDJP: ** --------------------------------------------------------------- **
UCMDJP: **                                RET-CODE:          1             **
UCMDJP: **                                    USED:      0.000 CPU         **
UCMDJP: *********************************************************************
Connected with agent 'ANKIT3593'
Program 'UC4 Job Messenger' version '11.1.0+build.890' terminated normally
</msg>
<msg level="INFO" timestamp="20150811 12:37:24.176">Variables: </msg>
<msg level="INFO" timestamp="20150811 12:37:24.176">Object name = PCK.AUTOMIC_AZURE.PRV.JOB.GET_SUBSCRIPTION_INFO@GENERIC</msg>
<msg level="INFO" timestamp="20150811 12:37:24.176">Activation = 2015-08-11T07:07:18</msg>
<msg level="INFO" timestamp="20150811 12:37:24.192">Consumption = 1</msg>
<msg level="INFO" timestamp="20150811 12:37:24.192">User = USER/TEST_01</msg>
<msg level="INFO" timestamp="20150811 12:37:24.192">Title = Fetch Azure subscription information</msg>
<msg level="INFO" timestamp="20150811 12:37:24.192">RunID = 1011177</msg>
<msg level="INFO" timestamp="20150811 12:37:24.192">Runtime =    0:00:00</msg>
<msg level="INFO" timestamp="20150811 12:37:24.207">System time = 0,04</msg>
<msg level="INFO" timestamp="20150811 12:37:24.207">Version = 1</msg>
<msg level="INFO" timestamp="20150811 12:37:24.207">Parent = 1011176</msg>
<msg level="INFO" timestamp="20150811 12:37:24.207">&amp;UC4RB_AZR_SUBSCRIPTION_ID# = 39f62c91-1d8a-4ada-8fa7-eeca3d8b7a92</msg>
<msg level="INFO" timestamp="20150811 12:37:24.207">Event ID = 1011177</msg>
<msg level="INFO" timestamp="20150811 12:37:24.207">Return code = 1</msg>
<msg level="INFO" timestamp="20150811 12:37:24.207">Express = Deactivated</msg>
<msg level="INFO" timestamp="20150811 12:37:24.207">Start = 2015-08-11T07:07:18</msg>
<msg level="INFO" timestamp="20150811 12:37:24.223">End = 2015-08-11T07:07:18</msg>
[...]
<kw type="kw" name="keywords.Assert Mandatory">
<doc></doc>
<arguments>
</arguments>
<msg level="TRACE" timestamp="20150811 12:38:25.188">Arguments: [  ]</msg>
<kw type="kw" name="keywords.Action Report Should Not Be Found">
<doc></doc>
<arguments>
</arguments>
<msg level="TRACE" timestamp="20150811 12:38:25.204">Arguments: [  ]</msg>
<kw type="kw" name="${report} = com.automic.robot.itpa.ItpaLibrary.Action Get Report">
<doc></doc>
<arguments>
</arguments>
<msg level="TRACE" timestamp="20150811 12:38:25.204">Arguments: [  ]</msg>
<msg level="INFO" timestamp="20150811 12:38:25.204">Load action last report, action = PCK.AUTOMIC_AZURE.PUB.ACTION.GET_SUBSCRIPTION_INFO14392768820312063888278653941574, runId = 1011189</msg>
<msg level="TRACE" timestamp="20150811 12:38:25.204">Return: u''</msg>
<msg level="INFO" timestamp="20150811 12:38:25.204">${report} = </msg>
<status endtime="20150811 12:38:25.204" starttime="20150811 12:38:25.204" status="PASS"></status>
</kw>
<kw type="kw" name="BuiltIn.Should Be Empty">
<doc>Verifies that the given item is empty.</doc>
<arguments>
<arg>${report}</arg>
</arguments>
<msg level="TRACE" timestamp="20150811 12:38:25.204">Arguments: [ u'' ]</msg>
<msg level="INFO" timestamp="20150811 12:38:25.204">Length is 0</msg>
<msg level="TRACE" timestamp="20150811 12:38:25.204">Return: None</msg>
<status endtime="20150811 12:38:25.204" starttime="20150811 12:38:25.204" status="PASS"></status>
</kw>
<msg level="TRACE" timestamp="20150811 12:38:25.219">Return: None</msg>
<status endtime="20150811 12:38:25.219" starttime="20150811 12:38:25.204" status="PASS"></status>
</kw>
<msg level="TRACE" timestamp="20150811 12:38:25.219">Return: None</msg>
<status endtime="20150811 12:38:25.219" starttime="20150811 12:38:25.188" status="PASS"></status>
</kw>
<msg level="TRACE" timestamp="20150811 12:38:25.219">Return: None</msg>
<status endtime="20150811 12:38:25.219" starttime="20150811 12:38:25.188" status="PASS"></status>
</kw>
<kw type="kw" name="BuiltIn.Run Keyword If">
<doc>Runs the given keyword with the given arguments, if `condition` is true.</doc>
<arguments>
<arg>'${OK_NOK}' == 'OK'</arg>
<arg>Action Report Should Contain</arg>
<arg>${AZURE_SUBSCRIPTION_INFO}</arg>
</arguments>
<msg level="TRACE" timestamp="20150811 12:38:25.219">Arguments: [ u"'OTHER' == 'OK'" | u'Action Report Should Contain' | u'${AZURE_SUBSCRIPTION_INFO}' ]</msg>
<msg level="TRACE" timestamp="20150811 12:38:25.219">Return: None</msg>
<status endtime="20150811 12:38:25.219" starttime="20150811 12:38:25.219" status="PASS"></status>
</kw>
<msg level="TRACE" timestamp="20150811 12:38:25.219">Return: None</msg>
<status endtime="20150811 12:38:25.219" starttime="20150811 12:38:02.015" status="PASS"></status>
</kw>
<doc></doc>
<tags>
<tag>all</tag>
<tag>configure_connection</tag>
</tags>
<status critical="yes" endtime="20150811 12:38:25.219" starttime="20150811 12:38:02.000" status="PASS"></status>
</test>
<test name="Assert Certificate Password as a mandatory field for Azure Connection" id="s1-s1-s1-s1-s1-t8">
<kw type="kw" name="Configure Connection Template">
<doc>This teste validates connection between AE and Azure with a precondition for successful scenario that certificate corresponding to jks file should be uploaded to Azure portal.</doc>
<arguments>
<arg>OTHER</arg>
<arg>${Subscription_ID}</arg>
<arg>${Cert_Path}</arg>
<arg>${EMPTY}</arg>
</arguments>
<msg level="TRACE" timestamp="20150811 12:38:25.251">Arguments: [ ${OK_NOK}=u'OTHER' | ${Subscription_ID}=u'39f62c91-1d8a-4ada-8fa7-eeca3d8b7a92' | ${Certificate_Path}=u'E:\\Robot Automation scripts\\AZURE-Test\\TestAzure\\azure.jks' | ${Certificate_Password}='' ]</msg>
<kw type="kw" name="com.automic.robot.itpa.ItpaLibrary.Action Create">
<doc></doc>
<arguments>
<arg>${_CONFIGURE_CONNECTION_ACTION}</arg>
</arguments>
<msg level="TRACE" timestamp="20150811 12:38:25.251">Arguments: [ u'PCK.AUTOMIC_AZURE.PUB.ACTION.GET_SUBSCRIPTION_INFO' ]</msg>
<msg level="INFO" timestamp="20150811 12:38:25.251">Create action PCK.AUTOMIC_AZURE.PUB.ACTION.GET_SUBSCRIPTION_INFO</msg>
<msg level="TRACE" timestamp="20150811 12:38:25.251">Return: None</msg>
<status endtime="20150811 12:38:25.251" starttime="20150811 12:38:25.251" status="PASS"></status>
</kw>
<kw type="kw" name="keywords.Configure Connection">
<doc></doc>
<arguments>
<arg>${Subscription_ID}</arg>
<arg>${Certificate_Path}</arg>
<arg>${Certificate_Password}</arg>
</arguments>
<msg level="TRACE" timestamp="20150811 12:38:25.251">Arguments: [ ${Subscription_ID}=u'39f62c91-1d8a-4ada-8fa7-eeca3d8b7a92' | ${Cert_Location}=u'E:\\Robot Automation scripts\\AZURE-Test\\TestAzure\\azure.jks' | ${Cert_Password}='' ]</msg>
<kw type="kw" name="com.automic.robot.itpa.ItpaLibrary.Action Set">
<doc></doc>
<arguments>
<arg>&amp;UC4RB_AZR_SUBSCRIPTION_ID#</arg>
<arg>${Subscription_ID}</arg>
</arguments>
<msg level="TRACE" timestamp="20150811 12:38:25.251">Arguments: [ u'&amp;UC4RB_AZR_SUBSCRIPTION_ID#' | u'39f62c91-1d8a-4ada-8fa7-eeca3d8b7a92' ]</msg>
<msg level="INFO" timestamp="20150811 12:38:25.251">Set prompt set: &amp;UC4RB_AZR_SUBSCRIPTION_ID# = 39f62c91-1d8a-4ada-8fa7-eeca3d8b7a92</msg>
<msg level="TRACE" timestamp="20150811 12:38:25.251">Return: None</msg>
<status endtime="20150811 12:38:25.251" starttime="20150811 12:38:25.251" status="PASS"></status>
</kw>
<kw type="kw" name="com.automic.robot.itpa.ItpaLibrary.Action Set">
<doc></doc>
<arguments>
<arg>&amp;UC4RB_AZR_CERT_PATH#</arg>
<arg>${Cert_Location}</arg>
</arguments>
<msg level="TRACE" timestamp="20150811 12:38:25.251">Arguments: [ u'&amp;UC4RB_AZR_CERT_PATH#' | u'E:\\Robot Automation scripts\\AZURE-Test\\TestAzure\\azure.jks' ]</msg>
<msg level="INFO" timestamp="20150811 12:38:25.266">Set prompt set: &amp;UC4RB_AZR_CERT_PATH# = E:\Robot Automation scripts\AZURE-Test\TestAzure\azure.jks</msg>
<msg level="TRACE" timestamp="20150811 12:38:25.266">Return: None</msg>
<status endtime="20150811 12:38:25.266" starttime="20150811 12:38:25.251" status="PASS"></status>
</kw>
<kw type="kw" name="com.automic.robot.itpa.ItpaLibrary.Action Set">
<doc></doc>
<arguments>
<arg>&amp;UC4RB_AZR_CERT_PSWD#</arg>
<arg>${Cert_Password}</arg>
</arguments>
<msg level="TRACE" timestamp="20150811 12:38:25.266">Arguments: [ u'&amp;UC4RB_AZR_CERT_PSWD#' | '' ]</msg>
<msg level="INFO" timestamp="20150811 12:38:25.266">Set prompt set: &amp;UC4RB_AZR_CERT_PSWD# = </msg>
<msg level="TRACE" timestamp="20150811 12:38:25.266">Return: None</msg>
<status endtime="20150811 12:38:25.266" starttime="20150811 12:38:25.266" status="PASS"></status>
</kw>
<msg level="TRACE" timestamp="20150811 12:38:25.266">Return: None</msg>
<status endtime="20150811 12:38:25.266" starttime="20150811 12:38:25.251" status="PASS"></status>
</kw>
<kw type="kw" name="keywords.Set Overwrite Agent">
<doc></doc>
<arguments>
</arguments>
<msg level="TRACE" timestamp="20150811 12:38:25.266">Arguments: [  ]</msg>
<kw type="kw" name="BuiltIn.Run Keyword If">
<doc>Runs the given keyword with the given arguments, if `condition` is true.</doc>
<arguments>
<arg>'${ENV}' == 'WIN'</arg>
<arg>Set Overwrite Agent WIN</arg>
</arguments>
<msg level="TRACE" timestamp="20150811 12:38:25.266">Arguments: [ u"'WIN' == 'WIN'" | u'Set Overwrite Agent WIN' ]</msg>
<kw type="kw" name="keywords.Set Overwrite Agent WIN">
<doc></doc>
<arguments>
</arguments>
<msg level="TRACE" timestamp="20150811 12:38:25.282">Arguments: [  ]</msg>
<kw type="kw" name="com.automic.robot.itpa.ItpaLibrary.Action Set">
<doc></doc>
<arguments>
<arg>&amp;AGENT#</arg>
<arg>${_PROMPTSET_AGENT_WIN}</arg>
</arguments>
<msg level="TRACE" timestamp="20150811 12:38:25.282">Arguments: [ u'&amp;AGENT#' | u'Ankit3593' ]</msg>
<msg level="INFO" timestamp="20150811 12:38:25.282">Set prompt set: &amp;AGENT# = Ankit3593</msg>
<msg level="TRACE" timestamp="20150811 12:38:25.282">Return: None</msg>
<status endtime="20150811 12:38:25.282" starttime="20150811 12:38:25.282" status="PASS"></status>
</kw>
<kw type="kw" name="com.automic.robot.itpa.ItpaLibrary.Action Set">
<doc></doc>
<arguments>
<arg>&amp;LOGIN#</arg>
<arg>${_PROMPTSET_LOGIN_WIN}</arg>
</arguments>
<msg level="TRACE" timestamp="20150811 12:38:25.282">Arguments: [ u'&amp;LOGIN#' | u'LOGIN.NEW.1' ]</msg>
<msg level="INFO" timestamp="20150811 12:38:25.282">Set prompt set: &amp;LOGIN# = LOGIN.NEW.1</msg>
<msg level="TRACE" timestamp="20150811 12:38:25.282">Return: None</msg>
<status endtime="20150811 12:38:25.282" starttime="20150811 12:38:25.282" status="PASS"></status>
</kw>
<msg level="TRACE" timestamp="20150811 12:38:25.282">Return: None</msg>
<status endtime="20150811 12:38:25.282" starttime="20150811 12:38:25.282" status="PASS"></status>
</kw>
<msg level="TRACE" timestamp="20150811 12:38:25.282">Return: None</msg>
<status endtime="20150811 12:38:25.282" starttime="20150811 12:38:25.266" status="PASS"></status>
</kw>
<kw type="kw" name="BuiltIn.Run Keyword If">
<doc>Runs the given keyword with the given arguments, if `condition` is true.</doc>
<arguments>
<arg>'${ENV}' == 'UNIX'</arg>
<arg>Set Overwrite Agent UNIX</arg>
</arguments>
<msg level="TRACE" timestamp="20150811 12:38:25.297">Arguments: [ u"'WIN' == 'UNIX'" | u'Set Overwrite Agent UNIX' ]</msg>
<msg level="TRACE" timestamp="20150811 12:38:25.297">Return: None</msg>
<status endtime="20150811 12:38:25.297" starttime="20150811 12:38:25.297" status="PASS"></status>
</kw>
<kw type="kw" name="BuiltIn.Run Keyword If">
<doc>Runs the given keyword with the given arguments, if `condition` is true.</doc>
<arguments>
<arg>'${ENV}' == 'QTP'</arg>
<arg>Set Overwrite Agent QTP</arg>
</arguments>
<msg level="TRACE" timestamp="20150811 12:38:25.297">Arguments: [ u"'WIN' == 'QTP'" | u'Set Overwrite Agent QTP' ]</msg>
<msg level="TRACE" timestamp="20150811 12:38:25.297">Return: None</msg>
<status endtime="20150811 12:38:25.297" starttime="20150811 12:38:25.297" status="PASS"></status>
</kw>
<msg level="TRACE" timestamp="20150811 12:38:25.297">Return: None</msg>
<status endtime="20150811 12:38:25.297" starttime="20150811 12:38:25.266" status="PASS"></status>
</kw>
<kw type="kw" name="com.automic.robot.itpa.ItpaLibrary.Action Execute">
<doc></doc>
<arguments>
</arguments>
<msg level="TRACE" timestamp="20150811 12:38:25.297">Arguments: [  ]</msg>
<msg level="INFO" timestamp="20150811 12:38:25.297">Execute action PCK.AUTOMIC_AZURE.PUB.ACTION.GET_SUBSCRIPTION_INFO14392769052515135531941956835137</msg>
<msg level="DEBUG" timestamp="20150811 12:38:25.297">Create wrapper workflow which include testing action...</msg>
<msg level="DEBUG" timestamp="20150811 12:38:25.625">Assign all required parameters...</msg>
<msg level="DEBUG" timestamp="20150811 12:38:25.828">Execute workflow...</msg>
<msg level="INFO" timestamp="20150811 12:38:25.875">Waiting for workflow running, runId = 1011191, timeout = 300</msg>
<msg level="DEBUG" timestamp="20150811 12:38:30.913">... 1 waiting, 0 ended, 0 running backup, 0 rollback, 0</msg>
<msg level="INFO" timestamp="20150811 12:38:30.976">Deactivate task, runId = 1011191</msg>
<msg level="DEBUG" timestamp="20150811 12:38:30.991">RunId = 1011191</msg>
<msg level="DEBUG" timestamp="20150811 12:38:30.991">Execute done</msg>
<msg level="INFO" timestamp="20150811 12:38:32.005">Export results of 1011191...</msg>
<msg level="WARN" timestamp="20150811 12:38:32.083">Report still empty, wait for 1 second.</msg>
<msg level="WARN" timestamp="20150811 12:38:33.170">Report still empty, wait for 5 seconds.</msg>
<msg level="WARN" timestamp="20150811 12:38:38.281">Report still empty, wait for 10 seconds.</msg>
<msg level="DEBUG" timestamp="20150811 12:38:48.374">Report = </msg>
<msg level="INFO" timestamp="20150811 12:38:48.374">Variables: </msg>
<msg level="DEBUG" timestamp="20150811 12:38:48.374">Deactivate workflow...</msg>
<msg level="INFO" timestamp="20150811 12:38:48.374">Deactivate task, runId = 1011191</msg>
<msg level="INFO" timestamp="20150811 12:38:48.389">Export result done</msg>
<msg level="INFO" timestamp="20150811 12:38:48.389">Clean up workflow 1011191...</msg>
<msg level="INFO" timestamp="20150811 12:38:48.389">Deactivate workflow...</msg>
<msg level="INFO" timestamp="20150811 12:38:48.389">Deactivate task, runId = 1011191</msg>
<msg level="INFO" timestamp="20150811 12:38:48.405">Clean up workflow done</msg>
<msg level="TRACE" timestamp="20150811 12:38:48.405">Return: None</msg>
<status endtime="20150811 12:38:48.405" starttime="20150811 12:38:25.297" status="PASS"></status>
</kw>
<kw type="kw" name="BuiltIn.Run Keyword If">
<doc>Runs the given keyword with the given arguments, if `condition` is true.</doc>
<arguments>
<arg>'${OK_NOK}' == 'OK'</arg>
<arg>Assert Success</arg>
<arg>ELSE IF</arg>
<arg>'${OK_NOK}' == 'NOK'</arg>
<arg>Assert Failure</arg>
<arg>ELSE</arg>
<arg>Assert Mandatory</arg>
</arguments>
<msg level="TRACE" timestamp="20150811 12:38:48.405">Arguments: [ u"'OTHER' == 'OK'" | u'Assert Success' | u'ELSE IF' | u"'${OK_NOK}' == 'NOK'" | u'Assert Failure' | u'ELSE' | u'Assert Mandatory' ]</msg>
<kw type="kw" name="keywords.Assert Mandatory">
<doc></doc>
<arguments>
</arguments>
<msg level="TRACE" timestamp="20150811 12:38:48.405">Arguments: [  ]</msg>
<kw type="kw" name="keywords.Action Report Should Not Be Found">
<doc></doc>
<arguments>
</arguments>
<msg level="TRACE" timestamp="20150811 12:38:48.405">Arguments: [  ]</msg>
<kw type="kw" name="${report} = com.automic.robot.itpa.ItpaLibrary.Action Get Report">
<doc></doc>
<arguments>
</arguments>
<msg level="TRACE" timestamp="20150811 12:38:48.405">Arguments: [  ]</msg>
<msg level="INFO" timestamp="20150811 12:38:48.405">Load action last report, action = PCK.AUTOMIC_AZURE.PUB.ACTION.GET_SUBSCRIPTION_INFO14392769052515135531941956835137, runId = 1011191</msg>
<msg level="TRACE" timestamp="20150811 12:38:48.405">Return: u''</msg>
<msg level="INFO" timestamp="20150811 12:38:48.405">${report} = </msg>
<status endtime="20150811 12:38:48.405" starttime="20150811 12:38:48.405" status="PASS"></status>
</kw>
<kw type="kw" name="BuiltIn.Should Be Empty">
<doc>Verifies that the given item is empty.</doc>
<arguments>
<arg>${report}</arg>
</arguments>
<msg level="TRACE" timestamp="20150811 12:38:48.405">Arguments: [ u'' ]</msg>
<msg level="INFO" timestamp="20150811 12:38:48.405">Length is 0</msg>
<msg level="TRACE" timestamp="20150811 12:38:48.405">Return: None</msg>
<status endtime="20150811 12:38:48.405" starttime="20150811 12:38:48.405" status="PASS"></status>
</kw>
<msg level="TRACE" timestamp="20150811 12:38:48.420">Return: None</msg>
<status endtime="20150811 12:38:48.420" starttime="20150811 12:38:48.405" status="PASS"></status>
</kw>
<msg level="TRACE" timestamp="20150811 12:38:48.420">Return: None</msg>
<status endtime="20150811 12:38:48.420" starttime="20150811 12:38:48.405" status="PASS"></status>
</kw>
<msg level="TRACE" timestamp="20150811 12:38:48.420">Return: None</msg>
<status endtime="20150811 12:38:48.420" starttime="20150811 12:38:48.405" status="PASS"></status>
</kw>
<kw type="kw" name="BuiltIn.Run Keyword If">
<doc>Runs the given keyword with the given arguments, if `condition` is true.</doc>
<arguments>
<arg>'${OK_NOK}' == 'OK'</arg>
<arg>Action Report Should Contain</arg>
<arg>${AZURE_SUBSCRIPTION_INFO}</arg>
</arguments>
<msg level="TRACE" timestamp="20150811 12:38:48.420">Arguments: [ u"'OTHER' == 'OK'" | u'Action Report Should Contain' | u'${AZURE_SUBSCRIPTION_INFO}' ]</msg>
<msg level="TRACE" timestamp="20150811 12:38:48.420">Return: None</msg>
<status endtime="20150811 12:38:48.420" starttime="20150811 12:38:48.420" status="PASS"></status>
</kw>
<msg level="TRACE" timestamp="20150811 12:38:48.420">Return: None</msg>
<status endtime="20150811 12:38:48.420" starttime="20150811 12:38:25.235" status="PASS"></status>
</kw>
<doc></doc>
<tags>
<tag>all</tag>
<tag>configure_connection</tag>
</tags>
<status critical="yes" endtime="20150811 12:38:48.420" starttime="20150811 12:38:25.219" status="PASS"></status>
</test>
<kw type="teardown" name="Teardown">
<doc></doc>
<arguments>
</arguments>
<msg level="TRACE" timestamp="20150811 12:38:48.420">Arguments: [  ]</msg>
<kw type="kw" name="BuiltIn.Log">
<doc>Logs the given message with the given level.</doc>
<arguments>
<arg>*******End Test "Configure Connection"*******</arg>
</arguments>
<msg level="TRACE" timestamp="20150811 12:38:48.420">Arguments: [ u'*******End Test "Configure Connection"*******' ]</msg>
<msg level="INFO" timestamp="20150811 12:38:48.420">*******End Test "Configure Connection"*******</msg>
<msg level="TRACE" timestamp="20150811 12:38:48.436">Return: None</msg>
<status endtime="20150811 12:38:48.436" starttime="20150811 12:38:48.420" status="PASS"></status>
</kw>
<msg level="TRACE" timestamp="20150811 12:38:48.436">Return: None</msg>
<status endtime="20150811 12:38:48.436" starttime="20150811 12:38:48.420" status="PASS"></status>
</kw>
<doc></doc>
<metadata>
</metadata>
<status endtime="20150811 12:38:48.436" starttime="20150811 12:36:50.990" status="PASS"></status>
</suite>
<doc></doc>
<metadata>
</metadata>
<status endtime="20150811 12:38:48.452" starttime="20150811 12:36:50.834" status="PASS"></status>
</suite>
<doc></doc>
<metadata>
</metadata>
<status endtime="20150811 12:38:48.498" starttime="20150811 12:36:50.819" status="PASS"></status>
</suite>
<doc></doc>
<metadata>
</metadata>
<status endtime="20150811 12:38:48.514" starttime="20150811 12:36:50.787" status="PASS"></status>
</suite>
<doc></doc>
<metadata>
</metadata>
<status endtime="20150811 12:38:48.545" starttime="20150811 12:36:50.569" status="PASS"></status>
</suite>
<statistics>
<total>
<stat pass="8" fail="0">Critical Tests</stat>
<stat pass="8" fail="0">All Tests</stat>
</total>
<tag>
<stat pass="8" fail="0" doc="" links="" combined="" info="">all</stat>
<stat pass="8" fail="0" doc="" links="" combined="" info="">configure_connection</stat>
<stat pass="1" fail="0" doc="" links="" combined="" info="">main_scenarios</stat>
</tag>
<suite>
<stat pass="8" fail="0" name="TestAZURE" id="s1">TestAZURE</stat>
<stat pass="8" fail="0" name="PCK.AUTOMIC AZURE" id="s1-s1">TestAZURE.PCK.AUTOMIC AZURE</stat>
<stat pass="8" fail="0" name="TestCases" id="s1-s1-s1">TestAZURE.PCK.AUTOMIC AZURE.TestCases</stat>
<stat pass="8" fail="0" name="Configure Connection" id="s1-s1-s1-s1">TestAZURE.PCK.AUTOMIC AZURE.TestCases.Configure Connection</stat>
<stat pass="8" fail="0" name="Configure Connection" id="s1-s1-s1-s1-s1">TestAZURE.PCK.AUTOMIC AZURE.TestCases.Configure Connection.Configure Connection</stat>
</suite>
</statistics>
<errors>
<msg level="ERROR" timestamp="20150811 12:36:51.755">Error in file 'E:\Robot Automation scripts\AZURE-Test\Env\default.txt': Setting variable '${_PROMPTSET_AGENT_UNIX}' failed: Variable '@{Promptset_Overwrite_Agent_UNIX}[0]' not found. Did you mean:
    @{Promptset_Overwrite_Agent_WIN}</msg>
<msg level="ERROR" timestamp="20150811 12:36:51.755">Error in file 'E:\Robot Automation scripts\AZURE-Test\Env\default.txt': Setting variable '${_PROMPTSET_LOGIN_UNIX}' failed: Variable '@{Promptset_Overwrite_Agent_UNIX}[1]' not found. Did you mean:
    @{Promptset_Overwrite_Agent_WIN}</msg>
<msg level="WARN" timestamp="20150811 12:37:45.685">Report still empty, wait for 1 second.</msg>
<msg level="WARN" timestamp="20150811 12:37:46.777">Report still empty, wait for 5 seconds.</msg>
<msg level="WARN" timestamp="20150811 12:37:51.847">Report still empty, wait for 10 seconds.</msg>
<msg level="WARN" timestamp="20150811 12:38:08.858">Report still empty, wait for 1 second.</msg>
<msg level="WARN" timestamp="20150811 12:38:09.966">Report still empty, wait for 5 seconds.</msg>
<msg level="WARN" timestamp="20150811 12:38:15.048">Report still empty, wait for 10 seconds.</msg>
<msg level="WARN" timestamp="20150811 12:38:32.083">Report still empty, wait for 1 second.</msg>
<msg level="WARN" timestamp="20150811 12:38:33.170">Report still empty, wait for 5 seconds.</msg>
<msg level="WARN" timestamp="20150811 12:38:38.281">Report still empty, wait for 10 seconds.</msg>
</errors>
</robot>
